[0.198s] Invoking command in '/home/gary/bot_one/ros2_ws/build/optimus_v1_description': CMAKE_PREFIX_PATH=${CMAKE_PREFIX_PATH}:/home/gary/first_ws/install/turtlesim_catch_them_all:/home/gary/first_ws/install/my_py_pkg:/opt/ros/humble /usr/bin/cmake --build /home/gary/bot_one/ros2_ws/build/optimus_v1_description -- -j8 -l8
[0.258s] Invoked command in '/home/gary/bot_one/ros2_ws/build/optimus_v1_description' returned '0': CMAKE_PREFIX_PATH=${CMAKE_PREFIX_PATH}:/home/gary/first_ws/install/turtlesim_catch_them_all:/home/gary/first_ws/install/my_py_pkg:/opt/ros/humble /usr/bin/cmake --build /home/gary/bot_one/ros2_ws/build/optimus_v1_description -- -j8 -l8
[0.307s] Invoking command in '/home/gary/bot_one/ros2_ws/build/optimus_v1_description': CMAKE_PREFIX_PATH=${CMAKE_PREFIX_PATH}:/home/gary/first_ws/install/turtlesim_catch_them_all:/home/gary/first_ws/install/my_py_pkg:/opt/ros/humble /usr/bin/cmake --install /home/gary/bot_one/ros2_ws/build/optimus_v1_description
[0.319s] -- Install configuration: ""
[0.322s] -- Execute custom install script
[0.323s] -- Up-to-date symlink: /home/gary/bot_one/ros2_ws/install/optimus_v1_description/share/optimus_v1_description//meshes/dual_sonar_v1.0.stl
[0.323s] -- Up-to-date symlink: /home/gary/bot_one/ros2_ws/install/optimus_v1_description/share/optimus_v1_description//urdf/camera.xacro
[0.324s] -- Up-to-date symlink: /home/gary/bot_one/ros2_ws/install/optimus_v1_description/share/optimus_v1_description//urdf/common_properties.xacro
[0.324s] -- Up-to-date symlink: /home/gary/bot_one/ros2_ws/install/optimus_v1_description/share/optimus_v1_description//urdf/mobile_base.xacro
[0.324s] -- Up-to-date symlink: /home/gary/bot_one/ros2_ws/install/optimus_v1_description/share/optimus_v1_description//urdf/mobile_base_gazebo.xacro
[0.325s] -- Up-to-date symlink: /home/gary/bot_one/ros2_ws/install/optimus_v1_description/share/optimus_v1_description//urdf/optimus_v1.urdf.xacro
[0.325s] -- Up-to-date symlink: /home/gary/bot_one/ros2_ws/install/optimus_v1_description/share/optimus_v1_description//launch/display.launch.py
[0.325s] -- Up-to-date symlink: /home/gary/bot_one/ros2_ws/install/optimus_v1_description/share/optimus_v1_description//launch/display.launch.xml
[0.326s] -- Up-to-date symlink: /home/gary/bot_one/ros2_ws/install/optimus_v1_description/share/optimus_v1_description//rviz/optimus_v1.rviz
[0.326s] -- Up-to-date symlink: /home/gary/bot_one/ros2_ws/install/optimus_v1_description/share/ament_index/resource_index/package_run_dependencies/optimus_v1_description
[0.326s] -- Up-to-date symlink: /home/gary/bot_one/ros2_ws/install/optimus_v1_description/share/ament_index/resource_index/parent_prefix_path/optimus_v1_description
[0.327s] -- Up-to-date symlink: /home/gary/bot_one/ros2_ws/install/optimus_v1_description/share/optimus_v1_description/environment/ament_prefix_path.sh
[0.327s] -- Up-to-date symlink: /home/gary/bot_one/ros2_ws/install/optimus_v1_description/share/optimus_v1_description/environment/ament_prefix_path.dsv
[0.327s] -- Up-to-date symlink: /home/gary/bot_one/ros2_ws/install/optimus_v1_description/share/optimus_v1_description/environment/path.sh
[0.328s] -- Up-to-date symlink: /home/gary/bot_one/ros2_ws/install/optimus_v1_description/share/optimus_v1_description/environment/path.dsv
[0.328s] -- Up-to-date symlink: /home/gary/bot_one/ros2_ws/install/optimus_v1_description/share/optimus_v1_description/local_setup.bash
[0.328s] -- Up-to-date symlink: /home/gary/bot_one/ros2_ws/install/optimus_v1_description/share/optimus_v1_description/local_setup.sh
[0.329s] -- Up-to-date symlink: /home/gary/bot_one/ros2_ws/install/optimus_v1_description/share/optimus_v1_description/local_setup.zsh
[0.329s] -- Up-to-date symlink: /home/gary/bot_one/ros2_ws/install/optimus_v1_description/share/optimus_v1_description/local_setup.dsv
[0.329s] -- Symlinking: /home/gary/bot_one/ros2_ws/install/optimus_v1_description/share/optimus_v1_description/package.dsv
[0.346s] -- Up-to-date symlink: /home/gary/bot_one/ros2_ws/install/optimus_v1_description/share/ament_index/resource_index/packages/optimus_v1_description
[0.346s] -- Up-to-date symlink: /home/gary/bot_one/ros2_ws/install/optimus_v1_description/share/optimus_v1_description/cmake/optimus_v1_descriptionConfig.cmake
[0.347s] -- Up-to-date symlink: /home/gary/bot_one/ros2_ws/install/optimus_v1_description/share/optimus_v1_description/cmake/optimus_v1_descriptionConfig-version.cmake
[0.347s] -- Up-to-date symlink: /home/gary/bot_one/ros2_ws/install/optimus_v1_description/share/optimus_v1_description/package.xml
[0.349s] Invoked command in '/home/gary/bot_one/ros2_ws/build/optimus_v1_description' returned '0': CMAKE_PREFIX_PATH=${CMAKE_PREFIX_PATH}:/home/gary/first_ws/install/turtlesim_catch_them_all:/home/gary/first_ws/install/my_py_pkg:/opt/ros/humble /usr/bin/cmake --install /home/gary/bot_one/ros2_ws/build/optimus_v1_description
