[1.389s] DEBUG:colcon:Command line arguments: ['/usr/bin/colcon', 'build', '--symlink-install']
[1.389s] DEBUG:colcon:Parsed command line arguments: Namespace(log_base=None, log_level=None, verb_name='build', build_base='build', install_base='install', merge_install=False, symlink_install=True, test_result_base=None, continue_on_error=False, executor='parallel', parallel_workers=8, event_handlers=None, ignore_user_meta=False, metas=['./colcon.meta'], base_paths=['.'], packages_ignore=None, packages_ignore_regex=None, paths=None, packages_up_to=None, packages_up_to_regex=None, packages_above=None, packages_above_and_dependencies=None, packages_above_depth=None, packages_select_by_dep=None, packages_skip_by_dep=None, packages_skip_up_to=None, packages_select_build_failed=False, packages_skip_build_finished=False, packages_select_test_failures=False, packages_skip_test_passed=False, packages_select=None, packages_skip=None, packages_select_regex=None, packages_skip_regex=None, packages_start=None, packages_end=None, allow_overriding=[], cmake_args=None, cmake_target=None, cmake_target_skip_unavailable=False, cmake_clean_cache=False, cmake_clean_first=False, cmake_force_configure=False, ament_cmake_args=None, catkin_cmake_args=None, catkin_skip_building_tests=False, verb_parser=<colcon_defaults.argument_parser.defaults.DefaultArgumentsDecorator object at 0x7f0c344656c0>, verb_extension=<colcon_core.verb.build.BuildVerb object at 0x7f0c343e5f30>, main=<bound method BuildVerb.main of <colcon_core.verb.build.BuildVerb object at 0x7f0c343e5f30>>)
[1.442s] Level 1:colcon.colcon_core.package_discovery:discover_packages(colcon_meta) check parameters
[1.442s] Level 1:colcon.colcon_core.package_discovery:discover_packages(recursive) check parameters
[1.442s] Level 1:colcon.colcon_core.package_discovery:discover_packages(ignore) check parameters
[1.442s] Level 1:colcon.colcon_core.package_discovery:discover_packages(path) check parameters
[1.442s] Level 1:colcon.colcon_core.package_discovery:discover_packages(colcon_meta) discover
[1.442s] Level 1:colcon.colcon_core.package_discovery:discover_packages(recursive) discover
[1.442s] INFO:colcon.colcon_core.package_discovery:Crawling recursively for packages in '/home/gary/bot_one/ros2_ws'
[1.442s] Level 1:colcon.colcon_core.package_identification:_identify(.) by extensions ['ignore', 'ignore_ament_install']
[1.443s] Level 1:colcon.colcon_core.package_identification:_identify(.) by extension 'ignore'
[1.443s] Level 1:colcon.colcon_core.package_identification:_identify(.) by extension 'ignore_ament_install'
[1.443s] Level 1:colcon.colcon_core.package_identification:_identify(.) by extensions ['colcon_pkg']
[1.443s] Level 1:colcon.colcon_core.package_identification:_identify(.) by extension 'colcon_pkg'
[1.443s] Level 1:colcon.colcon_core.package_identification:_identify(.) by extensions ['colcon_meta']
[1.443s] Level 1:colcon.colcon_core.package_identification:_identify(.) by extension 'colcon_meta'
[1.443s] Level 1:colcon.colcon_core.package_identification:_identify(.) by extensions ['ros']
[1.443s] Level 1:colcon.colcon_core.package_identification:_identify(.) by extension 'ros'
[1.456s] Level 1:colcon.colcon_core.package_identification:_identify(.) by extensions ['cmake', 'python']
[1.456s] Level 1:colcon.colcon_core.package_identification:_identify(.) by extension 'cmake'
[1.456s] Level 1:colcon.colcon_core.package_identification:_identify(.) by extension 'python'
[1.456s] Level 1:colcon.colcon_core.package_identification:_identify(.) by extensions ['python_setup_py']
[1.456s] Level 1:colcon.colcon_core.package_identification:_identify(.) by extension 'python_setup_py'
[1.456s] Level 1:colcon.colcon_core.package_identification:_identify(build) by extensions ['ignore', 'ignore_ament_install']
[1.456s] Level 1:colcon.colcon_core.package_identification:_identify(build) by extension 'ignore'
[1.456s] Level 1:colcon.colcon_core.package_identification:_identify(build) ignored
[1.456s] Level 1:colcon.colcon_core.package_identification:_identify(install) by extensions ['ignore', 'ignore_ament_install']
[1.457s] Level 1:colcon.colcon_core.package_identification:_identify(install) by extension 'ignore'
[1.457s] Level 1:colcon.colcon_core.package_identification:_identify(install) ignored
[1.457s] Level 1:colcon.colcon_core.package_identification:_identify(log) by extensions ['ignore', 'ignore_ament_install']
[1.457s] Level 1:colcon.colcon_core.package_identification:_identify(log) by extension 'ignore'
[1.457s] Level 1:colcon.colcon_core.package_identification:_identify(log) ignored
[1.457s] Level 1:colcon.colcon_core.package_identification:_identify(src) by extensions ['ignore', 'ignore_ament_install']
[1.457s] Level 1:colcon.colcon_core.package_identification:_identify(src) by extension 'ignore'
[1.457s] Level 1:colcon.colcon_core.package_identification:_identify(src) by extension 'ignore_ament_install'
[1.457s] Level 1:colcon.colcon_core.package_identification:_identify(src) by extensions ['colcon_pkg']
[1.457s] Level 1:colcon.colcon_core.package_identification:_identify(src) by extension 'colcon_pkg'
[1.457s] Level 1:colcon.colcon_core.package_identification:_identify(src) by extensions ['colcon_meta']
[1.458s] Level 1:colcon.colcon_core.package_identification:_identify(src) by extension 'colcon_meta'
[1.458s] Level 1:colcon.colcon_core.package_identification:_identify(src) by extensions ['ros']
[1.458s] Level 1:colcon.colcon_core.package_identification:_identify(src) by extension 'ros'
[1.458s] Level 1:colcon.colcon_core.package_identification:_identify(src) by extensions ['cmake', 'python']
[1.458s] Level 1:colcon.colcon_core.package_identification:_identify(src) by extension 'cmake'
[1.458s] Level 1:colcon.colcon_core.package_identification:_identify(src) by extension 'python'
[1.458s] Level 1:colcon.colcon_core.package_identification:_identify(src) by extensions ['python_setup_py']
[1.458s] Level 1:colcon.colcon_core.package_identification:_identify(src) by extension 'python_setup_py'
[1.458s] Level 1:colcon.colcon_core.package_identification:_identify(src/optimus_v1_bringup) by extensions ['ignore', 'ignore_ament_install']
[1.458s] Level 1:colcon.colcon_core.package_identification:_identify(src/optimus_v1_bringup) by extension 'ignore'
[1.458s] Level 1:colcon.colcon_core.package_identification:_identify(src/optimus_v1_bringup) by extension 'ignore_ament_install'
[1.458s] Level 1:colcon.colcon_core.package_identification:_identify(src/optimus_v1_bringup) by extensions ['colcon_pkg']
[1.458s] Level 1:colcon.colcon_core.package_identification:_identify(src/optimus_v1_bringup) by extension 'colcon_pkg'
[1.458s] Level 1:colcon.colcon_core.package_identification:_identify(src/optimus_v1_bringup) by extensions ['colcon_meta']
[1.458s] Level 1:colcon.colcon_core.package_identification:_identify(src/optimus_v1_bringup) by extension 'colcon_meta'
[1.458s] Level 1:colcon.colcon_core.package_identification:_identify(src/optimus_v1_bringup) by extensions ['ros']
[1.458s] Level 1:colcon.colcon_core.package_identification:_identify(src/optimus_v1_bringup) by extension 'ros'
[1.461s] DEBUG:colcon.colcon_core.package_identification:Package 'src/optimus_v1_bringup' with type 'ros.ament_cmake' and name 'optimus_v1_bringup'
[1.461s] Level 1:colcon.colcon_core.package_identification:_identify(src/optimus_v1_description) by extensions ['ignore', 'ignore_ament_install']
[1.461s] Level 1:colcon.colcon_core.package_identification:_identify(src/optimus_v1_description) by extension 'ignore'
[1.462s] Level 1:colcon.colcon_core.package_identification:_identify(src/optimus_v1_description) by extension 'ignore_ament_install'
[1.462s] Level 1:colcon.colcon_core.package_identification:_identify(src/optimus_v1_description) by extensions ['colcon_pkg']
[1.462s] Level 1:colcon.colcon_core.package_identification:_identify(src/optimus_v1_description) by extension 'colcon_pkg'
[1.462s] Level 1:colcon.colcon_core.package_identification:_identify(src/optimus_v1_description) by extensions ['colcon_meta']
[1.462s] Level 1:colcon.colcon_core.package_identification:_identify(src/optimus_v1_description) by extension 'colcon_meta'
[1.462s] Level 1:colcon.colcon_core.package_identification:_identify(src/optimus_v1_description) by extensions ['ros']
[1.462s] Level 1:colcon.colcon_core.package_identification:_identify(src/optimus_v1_description) by extension 'ros'
[1.462s] DEBUG:colcon.colcon_core.package_identification:Package 'src/optimus_v1_description' with type 'ros.ament_cmake' and name 'optimus_v1_description'
[1.463s] Level 1:colcon.colcon_core.package_discovery:discover_packages(recursive) using defaults
[1.463s] Level 1:colcon.colcon_core.package_discovery:discover_packages(ignore) discover
[1.463s] Level 1:colcon.colcon_core.package_discovery:discover_packages(ignore) using defaults
[1.463s] Level 1:colcon.colcon_core.package_discovery:discover_packages(path) discover
[1.463s] Level 1:colcon.colcon_core.package_discovery:discover_packages(path) using defaults
[1.573s] Level 1:colcon.colcon_core.package_discovery:discover_packages(prefix_path) check parameters
[1.573s] Level 1:colcon.colcon_core.package_discovery:discover_packages(prefix_path) discover
[1.610s] DEBUG:colcon.colcon_installed_package_information.package_discovery:Found 1 installed packages in /home/gary/bot_one/ros2_ws/install
[1.627s] DEBUG:colcon.colcon_installed_package_information.package_discovery:Found 4 installed packages in /home/gary/first_ws/install
[1.646s] DEBUG:colcon.colcon_installed_package_information.package_discovery:Found 344 installed packages in /opt/ros/humble
[1.648s] Level 1:colcon.colcon_core.package_discovery:discover_packages(prefix_path) using defaults
[1.773s] Level 5:colcon.colcon_core.verb:set package 'optimus_v1_bringup' build argument 'cmake_args' from command line to 'None'
[1.773s] Level 5:colcon.colcon_core.verb:set package 'optimus_v1_bringup' build argument 'cmake_target' from command line to 'None'
[1.774s] Level 5:colcon.colcon_core.verb:set package 'optimus_v1_bringup' build argument 'cmake_target_skip_unavailable' from command line to 'False'
[1.774s] Level 5:colcon.colcon_core.verb:set package 'optimus_v1_bringup' build argument 'cmake_clean_cache' from command line to 'False'
[1.774s] Level 5:colcon.colcon_core.verb:set package 'optimus_v1_bringup' build argument 'cmake_clean_first' from command line to 'False'
[1.774s] Level 5:colcon.colcon_core.verb:set package 'optimus_v1_bringup' build argument 'cmake_force_configure' from command line to 'False'
[1.774s] Level 5:colcon.colcon_core.verb:set package 'optimus_v1_bringup' build argument 'ament_cmake_args' from command line to 'None'
[1.774s] Level 5:colcon.colcon_core.verb:set package 'optimus_v1_bringup' build argument 'catkin_cmake_args' from command line to 'None'
[1.774s] Level 5:colcon.colcon_core.verb:set package 'optimus_v1_bringup' build argument 'catkin_skip_building_tests' from command line to 'False'
[1.774s] DEBUG:colcon.colcon_core.verb:Building package 'optimus_v1_bringup' with the following arguments: {'ament_cmake_args': None, 'build_base': '/home/gary/bot_one/ros2_ws/build/optimus_v1_bringup', 'catkin_cmake_args': None, 'catkin_skip_building_tests': False, 'cmake_args': None, 'cmake_clean_cache': False, 'cmake_clean_first': False, 'cmake_force_configure': False, 'cmake_target': None, 'cmake_target_skip_unavailable': False, 'install_base': '/home/gary/bot_one/ros2_ws/install/optimus_v1_bringup', 'merge_install': False, 'path': '/home/gary/bot_one/ros2_ws/src/optimus_v1_bringup', 'symlink_install': True, 'test_result_base': None}
[1.791s] Level 5:colcon.colcon_core.verb:set package 'optimus_v1_description' build argument 'cmake_args' from command line to 'None'
[1.791s] Level 5:colcon.colcon_core.verb:set package 'optimus_v1_description' build argument 'cmake_target' from command line to 'None'
[1.792s] Level 5:colcon.colcon_core.verb:set package 'optimus_v1_description' build argument 'cmake_target_skip_unavailable' from command line to 'False'
[1.792s] Level 5:colcon.colcon_core.verb:set package 'optimus_v1_description' build argument 'cmake_clean_cache' from command line to 'False'
[1.792s] Level 5:colcon.colcon_core.verb:set package 'optimus_v1_description' build argument 'cmake_clean_first' from command line to 'False'
[1.792s] Level 5:colcon.colcon_core.verb:set package 'optimus_v1_description' build argument 'cmake_force_configure' from command line to 'False'
[1.792s] Level 5:colcon.colcon_core.verb:set package 'optimus_v1_description' build argument 'ament_cmake_args' from command line to 'None'
[1.792s] Level 5:colcon.colcon_core.verb:set package 'optimus_v1_description' build argument 'catkin_cmake_args' from command line to 'None'
[1.792s] Level 5:colcon.colcon_core.verb:set package 'optimus_v1_description' build argument 'catkin_skip_building_tests' from command line to 'False'
[1.792s] DEBUG:colcon.colcon_core.verb:Building package 'optimus_v1_description' with the following arguments: {'ament_cmake_args': None, 'build_base': '/home/gary/bot_one/ros2_ws/build/optimus_v1_description', 'catkin_cmake_args': None, 'catkin_skip_building_tests': False, 'cmake_args': None, 'cmake_clean_cache': False, 'cmake_clean_first': False, 'cmake_force_configure': False, 'cmake_target': None, 'cmake_target_skip_unavailable': False, 'install_base': '/home/gary/bot_one/ros2_ws/install/optimus_v1_description', 'merge_install': False, 'path': '/home/gary/bot_one/ros2_ws/src/optimus_v1_description', 'symlink_install': True, 'test_result_base': None}
[1.809s] INFO:colcon.colcon_core.executor:Executing jobs using 'parallel' executor
[1.827s] DEBUG:colcon.colcon_parallel_executor.executor.parallel:run_until_complete
[1.827s] INFO:colcon.colcon_ros.task.ament_cmake.build:Building ROS package in '/home/gary/bot_one/ros2_ws/src/optimus_v1_bringup' with build type 'ament_cmake'
[1.827s] INFO:colcon.colcon_cmake.task.cmake.build:Building CMake package in '/home/gary/bot_one/ros2_ws/src/optimus_v1_bringup'
[1.852s] INFO:colcon.colcon_core.plugin_system:Skipping extension 'colcon_core.shell.bat': Not used on non-Windows systems
[1.853s] INFO:colcon.colcon_core.shell:Skip shell extension 'powershell' for command environment: Not usable outside of PowerShell
[1.853s] DEBUG:colcon.colcon_core.shell:Skip shell extension 'dsv' for command environment
[1.941s] INFO:colcon.colcon_ros.task.ament_cmake.build:Building ROS package in '/home/gary/bot_one/ros2_ws/src/optimus_v1_description' with build type 'ament_cmake'
[1.941s] INFO:colcon.colcon_cmake.task.cmake.build:Building CMake package in '/home/gary/bot_one/ros2_ws/src/optimus_v1_description'
[1.962s] INFO:colcon.colcon_core.shell:Skip shell extension 'powershell' for command environment: Not usable outside of PowerShell
[1.962s] DEBUG:colcon.colcon_core.shell:Skip shell extension 'dsv' for command environment
[2.070s] DEBUG:colcon.colcon_core.event_handler.log_command:Invoking command in '/home/gary/bot_one/ros2_ws/build/optimus_v1_bringup': CMAKE_PREFIX_PATH=${CMAKE_PREFIX_PATH}:/home/gary/first_ws/install/turtlesim_catch_them_all:/home/gary/first_ws/install/my_py_pkg:/opt/ros/humble /usr/bin/cmake /home/gary/bot_one/ros2_ws/src/optimus_v1_bringup -DAMENT_CMAKE_SYMLINK_INSTALL=1 -DCMAKE_INSTALL_PREFIX=/home/gary/bot_one/ros2_ws/install/optimus_v1_bringup
[2.079s] DEBUG:colcon.colcon_core.event_handler.log_command:Invoking command in '/home/gary/bot_one/ros2_ws/build/optimus_v1_description': CMAKE_PREFIX_PATH=${CMAKE_PREFIX_PATH}:/home/gary/first_ws/install/turtlesim_catch_them_all:/home/gary/first_ws/install/my_py_pkg:/opt/ros/humble /usr/bin/cmake --build /home/gary/bot_one/ros2_ws/build/optimus_v1_description -- -j8 -l8
[2.124s] DEBUG:colcon.colcon_core.event_handler.log_command:Invoked command in '/home/gary/bot_one/ros2_ws/build/optimus_v1_description' returned '0': CMAKE_PREFIX_PATH=${CMAKE_PREFIX_PATH}:/home/gary/first_ws/install/turtlesim_catch_them_all:/home/gary/first_ws/install/my_py_pkg:/opt/ros/humble /usr/bin/cmake --build /home/gary/bot_one/ros2_ws/build/optimus_v1_description -- -j8 -l8
[2.173s] DEBUG:colcon.colcon_core.event_handler.log_command:Invoking command in '/home/gary/bot_one/ros2_ws/build/optimus_v1_description': CMAKE_PREFIX_PATH=${CMAKE_PREFIX_PATH}:/home/gary/first_ws/install/turtlesim_catch_them_all:/home/gary/first_ws/install/my_py_pkg:/opt/ros/humble /usr/bin/cmake --install /home/gary/bot_one/ros2_ws/build/optimus_v1_description
[2.208s] Level 1:colcon.colcon_core.environment:create_environment_scripts_only(optimus_v1_description)
[2.209s] DEBUG:colcon.colcon_core.event_handler.log_command:Invoked command in '/home/gary/bot_one/ros2_ws/build/optimus_v1_description' returned '0': CMAKE_PREFIX_PATH=${CMAKE_PREFIX_PATH}:/home/gary/first_ws/install/turtlesim_catch_them_all:/home/gary/first_ws/install/my_py_pkg:/opt/ros/humble /usr/bin/cmake --install /home/gary/bot_one/ros2_ws/build/optimus_v1_description
[2.245s] Level 1:colcon.colcon_core.environment:checking '/home/gary/bot_one/ros2_ws/install/optimus_v1_description' for CMake module files
[2.246s] Level 1:colcon.colcon_core.environment:checking '/home/gary/bot_one/ros2_ws/install/optimus_v1_description' for CMake config files
[2.246s] Level 1:colcon.colcon_core.shell:create_environment_hook('optimus_v1_description', 'cmake_prefix_path')
[2.274s] INFO:colcon.colcon_core.shell:Creating environment hook '/home/gary/bot_one/ros2_ws/install/optimus_v1_description/share/optimus_v1_description/hook/cmake_prefix_path.ps1'
[2.275s] INFO:colcon.colcon_core.shell:Creating environment descriptor '/home/gary/bot_one/ros2_ws/install/optimus_v1_description/share/optimus_v1_description/hook/cmake_prefix_path.dsv'
[2.276s] INFO:colcon.colcon_core.shell:Creating environment hook '/home/gary/bot_one/ros2_ws/install/optimus_v1_description/share/optimus_v1_description/hook/cmake_prefix_path.sh'
[2.278s] Level 1:colcon.colcon_core.environment:checking '/home/gary/bot_one/ros2_ws/install/optimus_v1_description/bin'
[2.279s] Level 1:colcon.colcon_core.environment:checking '/home/gary/bot_one/ros2_ws/install/optimus_v1_description/lib/pkgconfig/optimus_v1_description.pc'
[2.279s] Level 1:colcon.colcon_core.environment:checking '/home/gary/bot_one/ros2_ws/install/optimus_v1_description/lib/python3.10/site-packages'
[2.279s] Level 1:colcon.colcon_core.environment:checking '/home/gary/bot_one/ros2_ws/install/optimus_v1_description/bin'
[2.299s] INFO:colcon.colcon_core.shell:Creating package script '/home/gary/bot_one/ros2_ws/install/optimus_v1_description/share/optimus_v1_description/package.ps1'
[2.300s] INFO:colcon.colcon_core.shell:Creating package descriptor '/home/gary/bot_one/ros2_ws/install/optimus_v1_description/share/optimus_v1_description/package.dsv'
[2.301s] INFO:colcon.colcon_core.shell:Creating package script '/home/gary/bot_one/ros2_ws/install/optimus_v1_description/share/optimus_v1_description/package.sh'
[2.302s] INFO:colcon.colcon_core.shell:Creating package script '/home/gary/bot_one/ros2_ws/install/optimus_v1_description/share/optimus_v1_description/package.bash'
[2.303s] INFO:colcon.colcon_core.shell:Creating package script '/home/gary/bot_one/ros2_ws/install/optimus_v1_description/share/optimus_v1_description/package.zsh'
[2.304s] Level 1:colcon.colcon_core.environment:create_file_with_runtime_dependencies(/home/gary/bot_one/ros2_ws/install/optimus_v1_description/share/colcon-core/packages/optimus_v1_description)
[2.361s] Level 1:colcon.colcon_core.environment:create_environment_scripts_only(optimus_v1_description)
[2.380s] Level 1:colcon.colcon_core.environment:checking '/home/gary/bot_one/ros2_ws/install/optimus_v1_description' for CMake module files
[2.381s] Level 1:colcon.colcon_core.environment:checking '/home/gary/bot_one/ros2_ws/install/optimus_v1_description' for CMake config files
[2.382s] Level 1:colcon.colcon_core.shell:create_environment_hook('optimus_v1_description', 'cmake_prefix_path')
[2.401s] INFO:colcon.colcon_core.shell:Creating environment hook '/home/gary/bot_one/ros2_ws/install/optimus_v1_description/share/optimus_v1_description/hook/cmake_prefix_path.ps1'
[2.402s] INFO:colcon.colcon_core.shell:Creating environment descriptor '/home/gary/bot_one/ros2_ws/install/optimus_v1_description/share/optimus_v1_description/hook/cmake_prefix_path.dsv'
[2.403s] INFO:colcon.colcon_core.shell:Creating environment hook '/home/gary/bot_one/ros2_ws/install/optimus_v1_description/share/optimus_v1_description/hook/cmake_prefix_path.sh'
[2.404s] Level 1:colcon.colcon_core.environment:checking '/home/gary/bot_one/ros2_ws/install/optimus_v1_description/bin'
[2.405s] Level 1:colcon.colcon_core.environment:checking '/home/gary/bot_one/ros2_ws/install/optimus_v1_description/lib/pkgconfig/optimus_v1_description.pc'
[2.405s] Level 1:colcon.colcon_core.environment:checking '/home/gary/bot_one/ros2_ws/install/optimus_v1_description/lib/python3.10/site-packages'
[2.405s] Level 1:colcon.colcon_core.environment:checking '/home/gary/bot_one/ros2_ws/install/optimus_v1_description/bin'
[2.424s] INFO:colcon.colcon_core.shell:Creating package script '/home/gary/bot_one/ros2_ws/install/optimus_v1_description/share/optimus_v1_description/package.ps1'
[2.425s] INFO:colcon.colcon_core.shell:Creating package descriptor '/home/gary/bot_one/ros2_ws/install/optimus_v1_description/share/optimus_v1_description/package.dsv'
[2.426s] INFO:colcon.colcon_core.shell:Creating package script '/home/gary/bot_one/ros2_ws/install/optimus_v1_description/share/optimus_v1_description/package.sh'
[2.426s] INFO:colcon.colcon_core.shell:Creating package script '/home/gary/bot_one/ros2_ws/install/optimus_v1_description/share/optimus_v1_description/package.bash'
[2.427s] INFO:colcon.colcon_core.shell:Creating package script '/home/gary/bot_one/ros2_ws/install/optimus_v1_description/share/optimus_v1_description/package.zsh'
[2.427s] Level 1:colcon.colcon_core.environment:create_file_with_runtime_dependencies(/home/gary/bot_one/ros2_ws/install/optimus_v1_description/share/colcon-core/packages/optimus_v1_description)
[4.916s] DEBUG:colcon.colcon_core.event_handler.log_command:Invoked command in '/home/gary/bot_one/ros2_ws/build/optimus_v1_bringup' returned '0': CMAKE_PREFIX_PATH=${CMAKE_PREFIX_PATH}:/home/gary/first_ws/install/turtlesim_catch_them_all:/home/gary/first_ws/install/my_py_pkg:/opt/ros/humble /usr/bin/cmake /home/gary/bot_one/ros2_ws/src/optimus_v1_bringup -DAMENT_CMAKE_SYMLINK_INSTALL=1 -DCMAKE_INSTALL_PREFIX=/home/gary/bot_one/ros2_ws/install/optimus_v1_bringup
[4.920s] DEBUG:colcon.colcon_core.event_handler.log_command:Invoking command in '/home/gary/bot_one/ros2_ws/build/optimus_v1_bringup': CMAKE_PREFIX_PATH=${CMAKE_PREFIX_PATH}:/home/gary/first_ws/install/turtlesim_catch_them_all:/home/gary/first_ws/install/my_py_pkg:/opt/ros/humble /usr/bin/cmake --build /home/gary/bot_one/ros2_ws/build/optimus_v1_bringup -- -j8 -l8
[4.963s] DEBUG:colcon.colcon_core.event_handler.log_command:Invoked command in '/home/gary/bot_one/ros2_ws/build/optimus_v1_bringup' returned '0': CMAKE_PREFIX_PATH=${CMAKE_PREFIX_PATH}:/home/gary/first_ws/install/turtlesim_catch_them_all:/home/gary/first_ws/install/my_py_pkg:/opt/ros/humble /usr/bin/cmake --build /home/gary/bot_one/ros2_ws/build/optimus_v1_bringup -- -j8 -l8
[4.995s] DEBUG:colcon.colcon_core.event_handler.log_command:Invoking command in '/home/gary/bot_one/ros2_ws/build/optimus_v1_bringup': CMAKE_PREFIX_PATH=${CMAKE_PREFIX_PATH}:/home/gary/first_ws/install/turtlesim_catch_them_all:/home/gary/first_ws/install/my_py_pkg:/opt/ros/humble /usr/bin/cmake --install /home/gary/bot_one/ros2_ws/build/optimus_v1_bringup
[5.176s] Level 1:colcon.colcon_core.environment:create_environment_scripts_only(optimus_v1_bringup)
[5.177s] DEBUG:colcon.colcon_core.event_handler.log_command:Invoked command in '/home/gary/bot_one/ros2_ws/build/optimus_v1_bringup' returned '0': CMAKE_PREFIX_PATH=${CMAKE_PREFIX_PATH}:/home/gary/first_ws/install/turtlesim_catch_them_all:/home/gary/first_ws/install/my_py_pkg:/opt/ros/humble /usr/bin/cmake --install /home/gary/bot_one/ros2_ws/build/optimus_v1_bringup
[5.194s] Level 1:colcon.colcon_core.environment:checking '/home/gary/bot_one/ros2_ws/install/optimus_v1_bringup' for CMake module files
[5.195s] Level 1:colcon.colcon_core.environment:checking '/home/gary/bot_one/ros2_ws/install/optimus_v1_bringup' for CMake config files
[5.195s] Level 1:colcon.colcon_core.shell:create_environment_hook('optimus_v1_bringup', 'cmake_prefix_path')
[5.214s] INFO:colcon.colcon_core.shell:Creating environment hook '/home/gary/bot_one/ros2_ws/install/optimus_v1_bringup/share/optimus_v1_bringup/hook/cmake_prefix_path.ps1'
[5.215s] INFO:colcon.colcon_core.shell:Creating environment descriptor '/home/gary/bot_one/ros2_ws/install/optimus_v1_bringup/share/optimus_v1_bringup/hook/cmake_prefix_path.dsv'
[5.215s] INFO:colcon.colcon_core.shell:Creating environment hook '/home/gary/bot_one/ros2_ws/install/optimus_v1_bringup/share/optimus_v1_bringup/hook/cmake_prefix_path.sh'
[5.215s] Level 1:colcon.colcon_core.environment:checking '/home/gary/bot_one/ros2_ws/install/optimus_v1_bringup/bin'
[5.216s] Level 1:colcon.colcon_core.environment:checking '/home/gary/bot_one/ros2_ws/install/optimus_v1_bringup/lib/pkgconfig/optimus_v1_bringup.pc'
[5.216s] Level 1:colcon.colcon_core.environment:checking '/home/gary/bot_one/ros2_ws/install/optimus_v1_bringup/lib/python3.10/site-packages'
[5.216s] Level 1:colcon.colcon_core.environment:checking '/home/gary/bot_one/ros2_ws/install/optimus_v1_bringup/bin'
[5.233s] INFO:colcon.colcon_core.shell:Creating package script '/home/gary/bot_one/ros2_ws/install/optimus_v1_bringup/share/optimus_v1_bringup/package.ps1'
[5.234s] INFO:colcon.colcon_core.shell:Creating package descriptor '/home/gary/bot_one/ros2_ws/install/optimus_v1_bringup/share/optimus_v1_bringup/package.dsv'
[5.235s] INFO:colcon.colcon_core.shell:Creating package script '/home/gary/bot_one/ros2_ws/install/optimus_v1_bringup/share/optimus_v1_bringup/package.sh'
[5.235s] INFO:colcon.colcon_core.shell:Creating package script '/home/gary/bot_one/ros2_ws/install/optimus_v1_bringup/share/optimus_v1_bringup/package.bash'
[5.236s] INFO:colcon.colcon_core.shell:Creating package script '/home/gary/bot_one/ros2_ws/install/optimus_v1_bringup/share/optimus_v1_bringup/package.zsh'
[5.237s] Level 1:colcon.colcon_core.environment:create_file_with_runtime_dependencies(/home/gary/bot_one/ros2_ws/install/optimus_v1_bringup/share/colcon-core/packages/optimus_v1_bringup)
[5.282s] Level 1:colcon.colcon_core.environment:create_environment_scripts_only(optimus_v1_bringup)
[5.303s] Level 1:colcon.colcon_core.environment:checking '/home/gary/bot_one/ros2_ws/install/optimus_v1_bringup' for CMake module files
[5.303s] Level 1:colcon.colcon_core.environment:checking '/home/gary/bot_one/ros2_ws/install/optimus_v1_bringup' for CMake config files
[5.304s] Level 1:colcon.colcon_core.shell:create_environment_hook('optimus_v1_bringup', 'cmake_prefix_path')
[5.338s] INFO:colcon.colcon_core.shell:Creating environment hook '/home/gary/bot_one/ros2_ws/install/optimus_v1_bringup/share/optimus_v1_bringup/hook/cmake_prefix_path.ps1'
[5.339s] INFO:colcon.colcon_core.shell:Creating environment descriptor '/home/gary/bot_one/ros2_ws/install/optimus_v1_bringup/share/optimus_v1_bringup/hook/cmake_prefix_path.dsv'
[5.339s] INFO:colcon.colcon_core.shell:Creating environment hook '/home/gary/bot_one/ros2_ws/install/optimus_v1_bringup/share/optimus_v1_bringup/hook/cmake_prefix_path.sh'
[5.340s] Level 1:colcon.colcon_core.environment:checking '/home/gary/bot_one/ros2_ws/install/optimus_v1_bringup/bin'
[5.341s] Level 1:colcon.colcon_core.environment:checking '/home/gary/bot_one/ros2_ws/install/optimus_v1_bringup/lib/pkgconfig/optimus_v1_bringup.pc'
[5.341s] Level 1:colcon.colcon_core.environment:checking '/home/gary/bot_one/ros2_ws/install/optimus_v1_bringup/lib/python3.10/site-packages'
[5.346s] Level 1:colcon.colcon_core.environment:checking '/home/gary/bot_one/ros2_ws/install/optimus_v1_bringup/bin'
[5.379s] INFO:colcon.colcon_core.shell:Creating package script '/home/gary/bot_one/ros2_ws/install/optimus_v1_bringup/share/optimus_v1_bringup/package.ps1'
[5.379s] INFO:colcon.colcon_core.shell:Creating package descriptor '/home/gary/bot_one/ros2_ws/install/optimus_v1_bringup/share/optimus_v1_bringup/package.dsv'
[5.380s] INFO:colcon.colcon_core.shell:Creating package script '/home/gary/bot_one/ros2_ws/install/optimus_v1_bringup/share/optimus_v1_bringup/package.sh'
[5.381s] INFO:colcon.colcon_core.shell:Creating package script '/home/gary/bot_one/ros2_ws/install/optimus_v1_bringup/share/optimus_v1_bringup/package.bash'
[5.381s] INFO:colcon.colcon_core.shell:Creating package script '/home/gary/bot_one/ros2_ws/install/optimus_v1_bringup/share/optimus_v1_bringup/package.zsh'
[5.382s] Level 1:colcon.colcon_core.environment:create_file_with_runtime_dependencies(/home/gary/bot_one/ros2_ws/install/optimus_v1_bringup/share/colcon-core/packages/optimus_v1_bringup)
[5.382s] DEBUG:colcon.colcon_parallel_executor.executor.parallel:closing loop
[5.383s] DEBUG:colcon.colcon_parallel_executor.executor.parallel:loop closed
[5.384s] DEBUG:colcon.colcon_parallel_executor.executor.parallel:run_until_complete finished with '0'
[5.384s] DEBUG:colcon.colcon_core.event_reactor:joining thread
[5.475s] INFO:colcon.colcon_core.plugin_system:Skipping extension 'colcon_notification.desktop_notification.notify_send': Could not find 'notify-send'
[5.475s] INFO:colcon.colcon_core.plugin_system:Skipping extension 'colcon_notification.desktop_notification.terminal_notifier': Not used on non-Darwin systems
[5.475s] INFO:colcon.colcon_core.plugin_system:Skipping extension 'colcon_notification.desktop_notification.win32': Not used on non-Windows systems
[5.475s] INFO:colcon.colcon_notification.desktop_notification:Sending desktop notification using 'notify2'
[5.475s] DEBUG:colcon.colcon_notification.desktop_notification.notify2:Failed to initialize notify2: org.freedesktop.DBus.Error.FileNotFound: Failed to connect to socket /run/user/1000/bus: No such file or directory
[5.475s] DEBUG:colcon.colcon_core.event_reactor:joined thread
[5.491s] INFO:colcon.colcon_core.shell:Creating prefix script '/home/gary/bot_one/ros2_ws/install/local_setup.ps1'
[5.492s] INFO:colcon.colcon_core.shell:Creating prefix util module '/home/gary/bot_one/ros2_ws/install/_local_setup_util_ps1.py'
[5.494s] INFO:colcon.colcon_core.shell:Creating prefix chain script '/home/gary/bot_one/ros2_ws/install/setup.ps1'
[5.514s] INFO:colcon.colcon_core.shell:Creating prefix script '/home/gary/bot_one/ros2_ws/install/local_setup.sh'
[5.515s] INFO:colcon.colcon_core.shell:Creating prefix util module '/home/gary/bot_one/ros2_ws/install/_local_setup_util_sh.py'
[5.516s] INFO:colcon.colcon_core.shell:Creating prefix chain script '/home/gary/bot_one/ros2_ws/install/setup.sh'
[5.541s] INFO:colcon.colcon_core.shell:Creating prefix script '/home/gary/bot_one/ros2_ws/install/local_setup.bash'
[5.542s] INFO:colcon.colcon_core.shell:Creating prefix chain script '/home/gary/bot_one/ros2_ws/install/setup.bash'
[5.558s] INFO:colcon.colcon_core.shell:Creating prefix script '/home/gary/bot_one/ros2_ws/install/local_setup.zsh'
[5.559s] INFO:colcon.colcon_core.shell:Creating prefix chain script '/home/gary/bot_one/ros2_ws/install/setup.zsh'
