[0.146s] Invoking command in '/home/gary/bot_one/ros2_ws/build/optimus_v1_description': CMAKE_PREFIX_PATH=${CMAKE_PREFIX_PATH}:/home/gary/first_ws/install/turtlesim_catch_them_all:/home/gary/first_ws/install/my_py_pkg:/opt/ros/humble /usr/bin/cmake --build /home/gary/bot_one/ros2_ws/build/optimus_v1_description -- -j8 -l8
[0.188s] Invoked command in '/home/gary/bot_one/ros2_ws/build/optimus_v1_description' returned '0': CMAKE_PREFIX_PATH=${CMAKE_PREFIX_PATH}:/home/gary/first_ws/install/turtlesim_catch_them_all:/home/gary/first_ws/install/my_py_pkg:/opt/ros/humble /usr/bin/cmake --build /home/gary/bot_one/ros2_ws/build/optimus_v1_description -- -j8 -l8
[0.228s] Invoking command in '/home/gary/bot_one/ros2_ws/build/optimus_v1_description': CMAKE_PREFIX_PATH=${CMAKE_PREFIX_PATH}:/home/gary/first_ws/install/turtlesim_catch_them_all:/home/gary/first_ws/install/my_py_pkg:/opt/ros/humble /usr/bin/cmake --install /home/gary/bot_one/ros2_ws/build/optimus_v1_description
[0.235s] -- Install configuration: ""
[0.235s] -- Up-to-date: /home/gary/bot_one/ros2_ws/install/optimus_v1_description/share/optimus_v1_description//urdf
[0.235s] -- Up-to-date: /home/gary/bot_one/ros2_ws/install/optimus_v1_description/share/optimus_v1_description//urdf/optimus_v1.urdf
[0.236s] -- Up-to-date: /home/gary/bot_one/ros2_ws/install/optimus_v1_description/share/optimus_v1_description//launch
[0.236s] -- Up-to-date: /home/gary/bot_one/ros2_ws/install/optimus_v1_description/share/optimus_v1_description//launch/display.launch.xml
[0.236s] -- Installing: /home/gary/bot_one/ros2_ws/install/optimus_v1_description/share/optimus_v1_description//launch/display.launch.py
[0.237s] -- Up-to-date: /home/gary/bot_one/ros2_ws/install/optimus_v1_description/share/ament_index/resource_index/package_run_dependencies/optimus_v1_description
[0.237s] -- Up-to-date: /home/gary/bot_one/ros2_ws/install/optimus_v1_description/share/ament_index/resource_index/parent_prefix_path/optimus_v1_description
[0.237s] -- Up-to-date: /home/gary/bot_one/ros2_ws/install/optimus_v1_description/share/optimus_v1_description/environment/ament_prefix_path.sh
[0.238s] -- Up-to-date: /home/gary/bot_one/ros2_ws/install/optimus_v1_description/share/optimus_v1_description/environment/ament_prefix_path.dsv
[0.238s] -- Up-to-date: /home/gary/bot_one/ros2_ws/install/optimus_v1_description/share/optimus_v1_description/environment/path.sh
[0.238s] -- Up-to-date: /home/gary/bot_one/ros2_ws/install/optimus_v1_description/share/optimus_v1_description/environment/path.dsv
[0.238s] -- Up-to-date: /home/gary/bot_one/ros2_ws/install/optimus_v1_description/share/optimus_v1_description/local_setup.bash
[0.238s] -- Up-to-date: /home/gary/bot_one/ros2_ws/install/optimus_v1_description/share/optimus_v1_description/local_setup.sh
[0.238s] -- Up-to-date: /home/gary/bot_one/ros2_ws/install/optimus_v1_description/share/optimus_v1_description/local_setup.zsh
[0.239s] -- Up-to-date: /home/gary/bot_one/ros2_ws/install/optimus_v1_description/share/optimus_v1_description/local_setup.dsv
[0.239s] -- Installing: /home/gary/bot_one/ros2_ws/install/optimus_v1_description/share/optimus_v1_description/package.dsv
[0.239s] -- Up-to-date: /home/gary/bot_one/ros2_ws/install/optimus_v1_description/share/ament_index/resource_index/packages/optimus_v1_description
[0.240s] -- Up-to-date: /home/gary/bot_one/ros2_ws/install/optimus_v1_description/share/optimus_v1_description/cmake/optimus_v1_descriptionConfig.cmake
[0.240s] -- Up-to-date: /home/gary/bot_one/ros2_ws/install/optimus_v1_description/share/optimus_v1_description/cmake/optimus_v1_descriptionConfig-version.cmake
[0.240s] -- Up-to-date: /home/gary/bot_one/ros2_ws/install/optimus_v1_description/share/optimus_v1_description/package.xml
[0.242s] Invoked command in '/home/gary/bot_one/ros2_ws/build/optimus_v1_description' returned '0': CMAKE_PREFIX_PATH=${CMAKE_PREFIX_PATH}:/home/gary/first_ws/install/turtlesim_catch_them_all:/home/gary/first_ws/install/my_py_pkg:/opt/ros/humble /usr/bin/cmake --install /home/gary/bot_one/ros2_ws/build/optimus_v1_description
