[0.176s] Invoking command in '/home/gary/bot_one/ros2_ws/build/optimus_v1_description': CMAKE_PREFIX_PATH=${CMAKE_PREFIX_PATH}:/home/gary/first_ws/install/turtlesim_catch_them_all:/home/gary/first_ws/install/my_py_pkg:/opt/ros/humble /usr/bin/cmake --build /home/gary/bot_one/ros2_ws/build/optimus_v1_description -- -j8 -l8
[0.226s] Invoked command in '/home/gary/bot_one/ros2_ws/build/optimus_v1_description' returned '0': CMAKE_PREFIX_PATH=${CMAKE_PREFIX_PATH}:/home/gary/first_ws/install/turtlesim_catch_them_all:/home/gary/first_ws/install/my_py_pkg:/opt/ros/humble /usr/bin/cmake --build /home/gary/bot_one/ros2_ws/build/optimus_v1_description -- -j8 -l8
[0.271s] Invoking command in '/home/gary/bot_one/ros2_ws/build/optimus_v1_description': CMAKE_PREFIX_PATH=${CMAKE_PREFIX_PATH}:/home/gary/first_ws/install/turtlesim_catch_them_all:/home/gary/first_ws/install/my_py_pkg:/opt/ros/humble /usr/bin/cmake --install /home/gary/bot_one/ros2_ws/build/optimus_v1_description
[0.281s] -- Install configuration: ""
[0.282s] -- Execute custom install script
[0.282s] -- Up-to-date symlink: /home/gary/bot_one/ros2_ws/install/optimus_v1_description/share/optimus_v1_description//meshes/dual_sonar_v1.0.stl
[0.283s] -- Up-to-date symlink: /home/gary/bot_one/ros2_ws/install/optimus_v1_description/share/optimus_v1_description//urdf/common_properties.xacro
[0.283s] -- Up-to-date symlink: /home/gary/bot_one/ros2_ws/install/optimus_v1_description/share/optimus_v1_description//urdf/mobile_base.xacro
[0.283s] -- Up-to-date symlink: /home/gary/bot_one/ros2_ws/install/optimus_v1_description/share/optimus_v1_description//urdf/mobile_base_gazebo.xacro
[0.284s] -- Up-to-date symlink: /home/gary/bot_one/ros2_ws/install/optimus_v1_description/share/optimus_v1_description//urdf/optimus_v1.urdf.xacro
[0.284s] -- Up-to-date symlink: /home/gary/bot_one/ros2_ws/install/optimus_v1_description/share/optimus_v1_description//launch/display.launch.py
[0.285s] -- Up-to-date symlink: /home/gary/bot_one/ros2_ws/install/optimus_v1_description/share/optimus_v1_description//launch/display.launch.xml
[0.285s] -- Up-to-date symlink: /home/gary/bot_one/ros2_ws/install/optimus_v1_description/share/optimus_v1_description//rviz/optimus_v1.rviz
[0.286s] -- Up-to-date symlink: /home/gary/bot_one/ros2_ws/install/optimus_v1_description/share/ament_index/resource_index/package_run_dependencies/optimus_v1_description
[0.287s] -- Up-to-date symlink: /home/gary/bot_one/ros2_ws/install/optimus_v1_description/share/ament_index/resource_index/parent_prefix_path/optimus_v1_description
[0.289s] -- Up-to-date symlink: /home/gary/bot_one/ros2_ws/install/optimus_v1_description/share/optimus_v1_description/environment/ament_prefix_path.sh
[0.289s] -- Up-to-date symlink: /home/gary/bot_one/ros2_ws/install/optimus_v1_description/share/optimus_v1_description/environment/ament_prefix_path.dsv
[0.290s] -- Up-to-date symlink: /home/gary/bot_one/ros2_ws/install/optimus_v1_description/share/optimus_v1_description/environment/path.sh
[0.291s] -- Up-to-date symlink: /home/gary/bot_one/ros2_ws/install/optimus_v1_description/share/optimus_v1_description/environment/path.dsv
[0.291s] -- Up-to-date symlink: /home/gary/bot_one/ros2_ws/install/optimus_v1_description/share/optimus_v1_description/local_setup.bash
[0.291s] -- Up-to-date symlink: /home/gary/bot_one/ros2_ws/install/optimus_v1_description/share/optimus_v1_description/local_setup.sh
[0.291s] -- Up-to-date symlink: /home/gary/bot_one/ros2_ws/install/optimus_v1_description/share/optimus_v1_description/local_setup.zsh
[0.292s] -- Up-to-date symlink: /home/gary/bot_one/ros2_ws/install/optimus_v1_description/share/optimus_v1_description/local_setup.dsv
[0.292s] -- Symlinking: /home/gary/bot_one/ros2_ws/install/optimus_v1_description/share/optimus_v1_description/package.dsv
[0.305s] -- Up-to-date symlink: /home/gary/bot_one/ros2_ws/install/optimus_v1_description/share/ament_index/resource_index/packages/optimus_v1_description
[0.305s] -- Up-to-date symlink: /home/gary/bot_one/ros2_ws/install/optimus_v1_description/share/optimus_v1_description/cmake/optimus_v1_descriptionConfig.cmake
[0.305s] -- Up-to-date symlink: /home/gary/bot_one/ros2_ws/install/optimus_v1_description/share/optimus_v1_description/cmake/optimus_v1_descriptionConfig-version.cmake
[0.306s] -- Up-to-date symlink: /home/gary/bot_one/ros2_ws/install/optimus_v1_description/share/optimus_v1_description/package.xml
[0.310s] Invoked command in '/home/gary/bot_one/ros2_ws/build/optimus_v1_description' returned '0': CMAKE_PREFIX_PATH=${CMAKE_PREFIX_PATH}:/home/gary/first_ws/install/turtlesim_catch_them_all:/home/gary/first_ws/install/my_py_pkg:/opt/ros/humble /usr/bin/cmake --install /home/gary/bot_one/ros2_ws/build/optimus_v1_description
