[1.264s] DEBUG:colcon:Command line arguments: ['/usr/bin/colcon', 'build', '--symlink-install']
[1.264s] DEBUG:colcon:Parsed command line arguments: Namespace(log_base=None, log_level=None, verb_name='build', build_base='build', install_base='install', merge_install=False, symlink_install=True, test_result_base=None, continue_on_error=False, executor='parallel', parallel_workers=8, event_handlers=None, ignore_user_meta=False, metas=['./colcon.meta'], base_paths=['.'], packages_ignore=None, packages_ignore_regex=None, paths=None, packages_up_to=None, packages_up_to_regex=None, packages_above=None, packages_above_and_dependencies=None, packages_above_depth=None, packages_select_by_dep=None, packages_skip_by_dep=None, packages_skip_up_to=None, packages_select_build_failed=False, packages_skip_build_finished=False, packages_select_test_failures=False, packages_skip_test_passed=False, packages_select=None, packages_skip=None, packages_select_regex=None, packages_skip_regex=None, packages_start=None, packages_end=None, allow_overriding=[], cmake_args=None, cmake_target=None, cmake_target_skip_unavailable=False, cmake_clean_cache=False, cmake_clean_first=False, cmake_force_configure=False, ament_cmake_args=None, catkin_cmake_args=None, catkin_skip_building_tests=False, verb_parser=<colcon_defaults.argument_parser.defaults.DefaultArgumentsDecorator object at 0x7f0a73657790>, verb_extension=<colcon_core.verb.build.BuildVerb object at 0x7f0a73624820>, main=<bound method BuildVerb.main of <colcon_core.verb.build.BuildVerb object at 0x7f0a73624820>>)
[1.312s] Level 1:colcon.colcon_core.package_discovery:discover_packages(colcon_meta) check parameters
[1.313s] Level 1:colcon.colcon_core.package_discovery:discover_packages(recursive) check parameters
[1.313s] Level 1:colcon.colcon_core.package_discovery:discover_packages(ignore) check parameters
[1.313s] Level 1:colcon.colcon_core.package_discovery:discover_packages(path) check parameters
[1.313s] Level 1:colcon.colcon_core.package_discovery:discover_packages(colcon_meta) discover
[1.313s] Level 1:colcon.colcon_core.package_discovery:discover_packages(recursive) discover
[1.313s] INFO:colcon.colcon_core.package_discovery:Crawling recursively for packages in '/home/gary/bot_one/ros2_ws'
[1.313s] Level 1:colcon.colcon_core.package_identification:_identify(.) by extensions ['ignore', 'ignore_ament_install']
[1.313s] Level 1:colcon.colcon_core.package_identification:_identify(.) by extension 'ignore'
[1.313s] Level 1:colcon.colcon_core.package_identification:_identify(.) by extension 'ignore_ament_install'
[1.314s] Level 1:colcon.colcon_core.package_identification:_identify(.) by extensions ['colcon_pkg']
[1.314s] Level 1:colcon.colcon_core.package_identification:_identify(.) by extension 'colcon_pkg'
[1.314s] Level 1:colcon.colcon_core.package_identification:_identify(.) by extensions ['colcon_meta']
[1.314s] Level 1:colcon.colcon_core.package_identification:_identify(.) by extension 'colcon_meta'
[1.314s] Level 1:colcon.colcon_core.package_identification:_identify(.) by extensions ['ros']
[1.314s] Level 1:colcon.colcon_core.package_identification:_identify(.) by extension 'ros'
[1.325s] Level 1:colcon.colcon_core.package_identification:_identify(.) by extensions ['cmake', 'python']
[1.325s] Level 1:colcon.colcon_core.package_identification:_identify(.) by extension 'cmake'
[1.325s] Level 1:colcon.colcon_core.package_identification:_identify(.) by extension 'python'
[1.325s] Level 1:colcon.colcon_core.package_identification:_identify(.) by extensions ['python_setup_py']
[1.325s] Level 1:colcon.colcon_core.package_identification:_identify(.) by extension 'python_setup_py'
[1.325s] Level 1:colcon.colcon_core.package_identification:_identify(build) by extensions ['ignore', 'ignore_ament_install']
[1.326s] Level 1:colcon.colcon_core.package_identification:_identify(build) by extension 'ignore'
[1.326s] Level 1:colcon.colcon_core.package_identification:_identify(build) ignored
[1.326s] Level 1:colcon.colcon_core.package_identification:_identify(install) by extensions ['ignore', 'ignore_ament_install']
[1.326s] Level 1:colcon.colcon_core.package_identification:_identify(install) by extension 'ignore'
[1.326s] Level 1:colcon.colcon_core.package_identification:_identify(install) ignored
[1.326s] Level 1:colcon.colcon_core.package_identification:_identify(log) by extensions ['ignore', 'ignore_ament_install']
[1.326s] Level 1:colcon.colcon_core.package_identification:_identify(log) by extension 'ignore'
[1.326s] Level 1:colcon.colcon_core.package_identification:_identify(log) ignored
[1.327s] Level 1:colcon.colcon_core.package_identification:_identify(src) by extensions ['ignore', 'ignore_ament_install']
[1.327s] Level 1:colcon.colcon_core.package_identification:_identify(src) by extension 'ignore'
[1.327s] Level 1:colcon.colcon_core.package_identification:_identify(src) by extension 'ignore_ament_install'
[1.327s] Level 1:colcon.colcon_core.package_identification:_identify(src) by extensions ['colcon_pkg']
[1.327s] Level 1:colcon.colcon_core.package_identification:_identify(src) by extension 'colcon_pkg'
[1.327s] Level 1:colcon.colcon_core.package_identification:_identify(src) by extensions ['colcon_meta']
[1.327s] Level 1:colcon.colcon_core.package_identification:_identify(src) by extension 'colcon_meta'
[1.327s] Level 1:colcon.colcon_core.package_identification:_identify(src) by extensions ['ros']
[1.327s] Level 1:colcon.colcon_core.package_identification:_identify(src) by extension 'ros'
[1.327s] Level 1:colcon.colcon_core.package_identification:_identify(src) by extensions ['cmake', 'python']
[1.327s] Level 1:colcon.colcon_core.package_identification:_identify(src) by extension 'cmake'
[1.327s] Level 1:colcon.colcon_core.package_identification:_identify(src) by extension 'python'
[1.327s] Level 1:colcon.colcon_core.package_identification:_identify(src) by extensions ['python_setup_py']
[1.327s] Level 1:colcon.colcon_core.package_identification:_identify(src) by extension 'python_setup_py'
[1.328s] Level 1:colcon.colcon_core.package_identification:_identify(src/optimus_v1_bringup) by extensions ['ignore', 'ignore_ament_install']
[1.328s] Level 1:colcon.colcon_core.package_identification:_identify(src/optimus_v1_bringup) by extension 'ignore'
[1.328s] Level 1:colcon.colcon_core.package_identification:_identify(src/optimus_v1_bringup) by extension 'ignore_ament_install'
[1.328s] Level 1:colcon.colcon_core.package_identification:_identify(src/optimus_v1_bringup) by extensions ['colcon_pkg']
[1.328s] Level 1:colcon.colcon_core.package_identification:_identify(src/optimus_v1_bringup) by extension 'colcon_pkg'
[1.328s] Level 1:colcon.colcon_core.package_identification:_identify(src/optimus_v1_bringup) by extensions ['colcon_meta']
[1.328s] Level 1:colcon.colcon_core.package_identification:_identify(src/optimus_v1_bringup) by extension 'colcon_meta'
[1.328s] Level 1:colcon.colcon_core.package_identification:_identify(src/optimus_v1_bringup) by extensions ['ros']
[1.328s] Level 1:colcon.colcon_core.package_identification:_identify(src/optimus_v1_bringup) by extension 'ros'
[1.331s] DEBUG:colcon.colcon_core.package_identification:Package 'src/optimus_v1_bringup' with type 'ros.ament_cmake' and name 'optimus_v1_bringup'
[1.331s] Level 1:colcon.colcon_core.package_identification:_identify(src/optimus_v1_description) by extensions ['ignore', 'ignore_ament_install']
[1.331s] Level 1:colcon.colcon_core.package_identification:_identify(src/optimus_v1_description) by extension 'ignore'
[1.331s] Level 1:colcon.colcon_core.package_identification:_identify(src/optimus_v1_description) by extension 'ignore_ament_install'
[1.332s] Level 1:colcon.colcon_core.package_identification:_identify(src/optimus_v1_description) by extensions ['colcon_pkg']
[1.332s] Level 1:colcon.colcon_core.package_identification:_identify(src/optimus_v1_description) by extension 'colcon_pkg'
[1.332s] Level 1:colcon.colcon_core.package_identification:_identify(src/optimus_v1_description) by extensions ['colcon_meta']
[1.332s] Level 1:colcon.colcon_core.package_identification:_identify(src/optimus_v1_description) by extension 'colcon_meta'
[1.332s] Level 1:colcon.colcon_core.package_identification:_identify(src/optimus_v1_description) by extensions ['ros']
[1.332s] Level 1:colcon.colcon_core.package_identification:_identify(src/optimus_v1_description) by extension 'ros'
[1.332s] DEBUG:colcon.colcon_core.package_identification:Package 'src/optimus_v1_description' with type 'ros.ament_cmake' and name 'optimus_v1_description'
[1.332s] Level 1:colcon.colcon_core.package_discovery:discover_packages(recursive) using defaults
[1.332s] Level 1:colcon.colcon_core.package_discovery:discover_packages(ignore) discover
[1.332s] Level 1:colcon.colcon_core.package_discovery:discover_packages(ignore) using defaults
[1.332s] Level 1:colcon.colcon_core.package_discovery:discover_packages(path) discover
[1.333s] Level 1:colcon.colcon_core.package_discovery:discover_packages(path) using defaults
[1.429s] Level 1:colcon.colcon_core.package_discovery:discover_packages(prefix_path) check parameters
[1.430s] Level 1:colcon.colcon_core.package_discovery:discover_packages(prefix_path) discover
[1.464s] DEBUG:colcon.colcon_installed_package_information.package_discovery:Found 2 installed packages in /home/gary/bot_one/ros2_ws/install
[1.482s] DEBUG:colcon.colcon_installed_package_information.package_discovery:Found 4 installed packages in /home/gary/first_ws/install
[1.498s] DEBUG:colcon.colcon_installed_package_information.package_discovery:Found 344 installed packages in /opt/ros/humble
[1.499s] Level 1:colcon.colcon_core.package_discovery:discover_packages(prefix_path) using defaults
[1.611s] Level 5:colcon.colcon_core.verb:set package 'optimus_v1_bringup' build argument 'cmake_args' from command line to 'None'
[1.611s] Level 5:colcon.colcon_core.verb:set package 'optimus_v1_bringup' build argument 'cmake_target' from command line to 'None'
[1.611s] Level 5:colcon.colcon_core.verb:set package 'optimus_v1_bringup' build argument 'cmake_target_skip_unavailable' from command line to 'False'
[1.611s] Level 5:colcon.colcon_core.verb:set package 'optimus_v1_bringup' build argument 'cmake_clean_cache' from command line to 'False'
[1.611s] Level 5:colcon.colcon_core.verb:set package 'optimus_v1_bringup' build argument 'cmake_clean_first' from command line to 'False'
[1.611s] Level 5:colcon.colcon_core.verb:set package 'optimus_v1_bringup' build argument 'cmake_force_configure' from command line to 'False'
[1.611s] Level 5:colcon.colcon_core.verb:set package 'optimus_v1_bringup' build argument 'ament_cmake_args' from command line to 'None'
[1.611s] Level 5:colcon.colcon_core.verb:set package 'optimus_v1_bringup' build argument 'catkin_cmake_args' from command line to 'None'
[1.611s] Level 5:colcon.colcon_core.verb:set package 'optimus_v1_bringup' build argument 'catkin_skip_building_tests' from command line to 'False'
[1.611s] DEBUG:colcon.colcon_core.verb:Building package 'optimus_v1_bringup' with the following arguments: {'ament_cmake_args': None, 'build_base': '/home/gary/bot_one/ros2_ws/build/optimus_v1_bringup', 'catkin_cmake_args': None, 'catkin_skip_building_tests': False, 'cmake_args': None, 'cmake_clean_cache': False, 'cmake_clean_first': False, 'cmake_force_configure': False, 'cmake_target': None, 'cmake_target_skip_unavailable': False, 'install_base': '/home/gary/bot_one/ros2_ws/install/optimus_v1_bringup', 'merge_install': False, 'path': '/home/gary/bot_one/ros2_ws/src/optimus_v1_bringup', 'symlink_install': True, 'test_result_base': None}
[1.629s] Level 5:colcon.colcon_core.verb:set package 'optimus_v1_description' build argument 'cmake_args' from command line to 'None'
[1.629s] Level 5:colcon.colcon_core.verb:set package 'optimus_v1_description' build argument 'cmake_target' from command line to 'None'
[1.629s] Level 5:colcon.colcon_core.verb:set package 'optimus_v1_description' build argument 'cmake_target_skip_unavailable' from command line to 'False'
[1.629s] Level 5:colcon.colcon_core.verb:set package 'optimus_v1_description' build argument 'cmake_clean_cache' from command line to 'False'
[1.629s] Level 5:colcon.colcon_core.verb:set package 'optimus_v1_description' build argument 'cmake_clean_first' from command line to 'False'
[1.629s] Level 5:colcon.colcon_core.verb:set package 'optimus_v1_description' build argument 'cmake_force_configure' from command line to 'False'
[1.629s] Level 5:colcon.colcon_core.verb:set package 'optimus_v1_description' build argument 'ament_cmake_args' from command line to 'None'
[1.629s] Level 5:colcon.colcon_core.verb:set package 'optimus_v1_description' build argument 'catkin_cmake_args' from command line to 'None'
[1.629s] Level 5:colcon.colcon_core.verb:set package 'optimus_v1_description' build argument 'catkin_skip_building_tests' from command line to 'False'
[1.630s] DEBUG:colcon.colcon_core.verb:Building package 'optimus_v1_description' with the following arguments: {'ament_cmake_args': None, 'build_base': '/home/gary/bot_one/ros2_ws/build/optimus_v1_description', 'catkin_cmake_args': None, 'catkin_skip_building_tests': False, 'cmake_args': None, 'cmake_clean_cache': False, 'cmake_clean_first': False, 'cmake_force_configure': False, 'cmake_target': None, 'cmake_target_skip_unavailable': False, 'install_base': '/home/gary/bot_one/ros2_ws/install/optimus_v1_description', 'merge_install': False, 'path': '/home/gary/bot_one/ros2_ws/src/optimus_v1_description', 'symlink_install': True, 'test_result_base': None}
[1.645s] INFO:colcon.colcon_core.executor:Executing jobs using 'parallel' executor
[1.660s] DEBUG:colcon.colcon_parallel_executor.executor.parallel:run_until_complete
[1.661s] INFO:colcon.colcon_ros.task.ament_cmake.build:Building ROS package in '/home/gary/bot_one/ros2_ws/src/optimus_v1_bringup' with build type 'ament_cmake'
[1.661s] INFO:colcon.colcon_cmake.task.cmake.build:Building CMake package in '/home/gary/bot_one/ros2_ws/src/optimus_v1_bringup'
[1.684s] INFO:colcon.colcon_core.plugin_system:Skipping extension 'colcon_core.shell.bat': Not used on non-Windows systems
[1.684s] INFO:colcon.colcon_core.shell:Skip shell extension 'powershell' for command environment: Not usable outside of PowerShell
[1.684s] DEBUG:colcon.colcon_core.shell:Skip shell extension 'dsv' for command environment
[1.758s] INFO:colcon.colcon_ros.task.ament_cmake.build:Building ROS package in '/home/gary/bot_one/ros2_ws/src/optimus_v1_description' with build type 'ament_cmake'
[1.759s] INFO:colcon.colcon_cmake.task.cmake.build:Building CMake package in '/home/gary/bot_one/ros2_ws/src/optimus_v1_description'
[1.805s] INFO:colcon.colcon_core.shell:Skip shell extension 'powershell' for command environment: Not usable outside of PowerShell
[1.806s] DEBUG:colcon.colcon_core.shell:Skip shell extension 'dsv' for command environment
[1.905s] DEBUG:colcon.colcon_core.event_handler.log_command:Invoking command in '/home/gary/bot_one/ros2_ws/build/optimus_v1_bringup': CMAKE_PREFIX_PATH=${CMAKE_PREFIX_PATH}:/home/gary/first_ws/install/turtlesim_catch_them_all:/home/gary/first_ws/install/my_py_pkg:/opt/ros/humble /usr/bin/cmake --build /home/gary/bot_one/ros2_ws/build/optimus_v1_bringup -- -j8 -l8
[1.913s] DEBUG:colcon.colcon_core.event_handler.log_command:Invoking command in '/home/gary/bot_one/ros2_ws/build/optimus_v1_description': CMAKE_PREFIX_PATH=${CMAKE_PREFIX_PATH}:/home/gary/first_ws/install/turtlesim_catch_them_all:/home/gary/first_ws/install/my_py_pkg:/opt/ros/humble /usr/bin/cmake --build /home/gary/bot_one/ros2_ws/build/optimus_v1_description -- -j8 -l8
[1.961s] DEBUG:colcon.colcon_core.event_handler.log_command:Invoked command in '/home/gary/bot_one/ros2_ws/build/optimus_v1_description' returned '0': CMAKE_PREFIX_PATH=${CMAKE_PREFIX_PATH}:/home/gary/first_ws/install/turtlesim_catch_them_all:/home/gary/first_ws/install/my_py_pkg:/opt/ros/humble /usr/bin/cmake --build /home/gary/bot_one/ros2_ws/build/optimus_v1_description -- -j8 -l8
[2.003s] DEBUG:colcon.colcon_core.event_handler.log_command:Invoking command in '/home/gary/bot_one/ros2_ws/build/optimus_v1_description': CMAKE_PREFIX_PATH=${CMAKE_PREFIX_PATH}:/home/gary/first_ws/install/turtlesim_catch_them_all:/home/gary/first_ws/install/my_py_pkg:/opt/ros/humble /usr/bin/cmake --install /home/gary/bot_one/ros2_ws/build/optimus_v1_description
[2.033s] Level 1:colcon.colcon_core.environment:create_environment_scripts_only(optimus_v1_description)
[2.034s] DEBUG:colcon.colcon_core.event_handler.log_command:Invoked command in '/home/gary/bot_one/ros2_ws/build/optimus_v1_description' returned '0': CMAKE_PREFIX_PATH=${CMAKE_PREFIX_PATH}:/home/gary/first_ws/install/turtlesim_catch_them_all:/home/gary/first_ws/install/my_py_pkg:/opt/ros/humble /usr/bin/cmake --install /home/gary/bot_one/ros2_ws/build/optimus_v1_description
[2.054s] Level 1:colcon.colcon_core.environment:checking '/home/gary/bot_one/ros2_ws/install/optimus_v1_description' for CMake module files
[2.055s] Level 1:colcon.colcon_core.environment:checking '/home/gary/bot_one/ros2_ws/install/optimus_v1_description' for CMake config files
[2.055s] Level 1:colcon.colcon_core.shell:create_environment_hook('optimus_v1_description', 'cmake_prefix_path')
[2.075s] INFO:colcon.colcon_core.shell:Creating environment hook '/home/gary/bot_one/ros2_ws/install/optimus_v1_description/share/optimus_v1_description/hook/cmake_prefix_path.ps1'
[2.076s] INFO:colcon.colcon_core.shell:Creating environment descriptor '/home/gary/bot_one/ros2_ws/install/optimus_v1_description/share/optimus_v1_description/hook/cmake_prefix_path.dsv'
[2.077s] INFO:colcon.colcon_core.shell:Creating environment hook '/home/gary/bot_one/ros2_ws/install/optimus_v1_description/share/optimus_v1_description/hook/cmake_prefix_path.sh'
[2.078s] Level 1:colcon.colcon_core.environment:checking '/home/gary/bot_one/ros2_ws/install/optimus_v1_description/bin'
[2.078s] Level 1:colcon.colcon_core.environment:checking '/home/gary/bot_one/ros2_ws/install/optimus_v1_description/lib/pkgconfig/optimus_v1_description.pc'
[2.079s] Level 1:colcon.colcon_core.environment:checking '/home/gary/bot_one/ros2_ws/install/optimus_v1_description/lib/python3.10/site-packages'
[2.079s] Level 1:colcon.colcon_core.environment:checking '/home/gary/bot_one/ros2_ws/install/optimus_v1_description/bin'
[2.098s] INFO:colcon.colcon_core.shell:Creating package script '/home/gary/bot_one/ros2_ws/install/optimus_v1_description/share/optimus_v1_description/package.ps1'
[2.099s] INFO:colcon.colcon_core.shell:Creating package descriptor '/home/gary/bot_one/ros2_ws/install/optimus_v1_description/share/optimus_v1_description/package.dsv'
[2.101s] INFO:colcon.colcon_core.shell:Creating package script '/home/gary/bot_one/ros2_ws/install/optimus_v1_description/share/optimus_v1_description/package.sh'
[2.102s] INFO:colcon.colcon_core.shell:Creating package script '/home/gary/bot_one/ros2_ws/install/optimus_v1_description/share/optimus_v1_description/package.bash'
[2.104s] INFO:colcon.colcon_core.shell:Creating package script '/home/gary/bot_one/ros2_ws/install/optimus_v1_description/share/optimus_v1_description/package.zsh'
[2.105s] Level 1:colcon.colcon_core.environment:create_file_with_runtime_dependencies(/home/gary/bot_one/ros2_ws/install/optimus_v1_description/share/colcon-core/packages/optimus_v1_description)
[2.154s] Level 1:colcon.colcon_core.environment:create_environment_scripts_only(optimus_v1_description)
[2.173s] Level 1:colcon.colcon_core.environment:checking '/home/gary/bot_one/ros2_ws/install/optimus_v1_description' for CMake module files
[2.174s] Level 1:colcon.colcon_core.environment:checking '/home/gary/bot_one/ros2_ws/install/optimus_v1_description' for CMake config files
[2.174s] Level 1:colcon.colcon_core.shell:create_environment_hook('optimus_v1_description', 'cmake_prefix_path')
[2.191s] INFO:colcon.colcon_core.shell:Creating environment hook '/home/gary/bot_one/ros2_ws/install/optimus_v1_description/share/optimus_v1_description/hook/cmake_prefix_path.ps1'
[2.192s] INFO:colcon.colcon_core.shell:Creating environment descriptor '/home/gary/bot_one/ros2_ws/install/optimus_v1_description/share/optimus_v1_description/hook/cmake_prefix_path.dsv'
[2.192s] INFO:colcon.colcon_core.shell:Creating environment hook '/home/gary/bot_one/ros2_ws/install/optimus_v1_description/share/optimus_v1_description/hook/cmake_prefix_path.sh'
[2.193s] Level 1:colcon.colcon_core.environment:checking '/home/gary/bot_one/ros2_ws/install/optimus_v1_description/bin'
[2.193s] Level 1:colcon.colcon_core.environment:checking '/home/gary/bot_one/ros2_ws/install/optimus_v1_description/lib/pkgconfig/optimus_v1_description.pc'
[2.193s] Level 1:colcon.colcon_core.environment:checking '/home/gary/bot_one/ros2_ws/install/optimus_v1_description/lib/python3.10/site-packages'
[2.193s] Level 1:colcon.colcon_core.environment:checking '/home/gary/bot_one/ros2_ws/install/optimus_v1_description/bin'
[2.214s] INFO:colcon.colcon_core.shell:Creating package script '/home/gary/bot_one/ros2_ws/install/optimus_v1_description/share/optimus_v1_description/package.ps1'
[2.214s] INFO:colcon.colcon_core.shell:Creating package descriptor '/home/gary/bot_one/ros2_ws/install/optimus_v1_description/share/optimus_v1_description/package.dsv'
[2.215s] INFO:colcon.colcon_core.shell:Creating package script '/home/gary/bot_one/ros2_ws/install/optimus_v1_description/share/optimus_v1_description/package.sh'
[2.216s] INFO:colcon.colcon_core.shell:Creating package script '/home/gary/bot_one/ros2_ws/install/optimus_v1_description/share/optimus_v1_description/package.bash'
[2.216s] INFO:colcon.colcon_core.shell:Creating package script '/home/gary/bot_one/ros2_ws/install/optimus_v1_description/share/optimus_v1_description/package.zsh'
[2.217s] Level 1:colcon.colcon_core.environment:create_file_with_runtime_dependencies(/home/gary/bot_one/ros2_ws/install/optimus_v1_description/share/colcon-core/packages/optimus_v1_description)
[2.225s] DEBUG:colcon.colcon_core.event_handler.log_command:Invoked command in '/home/gary/bot_one/ros2_ws/build/optimus_v1_bringup' returned '0': CMAKE_PREFIX_PATH=${CMAKE_PREFIX_PATH}:/home/gary/first_ws/install/turtlesim_catch_them_all:/home/gary/first_ws/install/my_py_pkg:/opt/ros/humble /usr/bin/cmake --build /home/gary/bot_one/ros2_ws/build/optimus_v1_bringup -- -j8 -l8
[2.256s] DEBUG:colcon.colcon_core.event_handler.log_command:Invoking command in '/home/gary/bot_one/ros2_ws/build/optimus_v1_bringup': CMAKE_PREFIX_PATH=${CMAKE_PREFIX_PATH}:/home/gary/first_ws/install/turtlesim_catch_them_all:/home/gary/first_ws/install/my_py_pkg:/opt/ros/humble /usr/bin/cmake --install /home/gary/bot_one/ros2_ws/build/optimus_v1_bringup
[2.292s] Level 1:colcon.colcon_core.environment:create_environment_scripts_only(optimus_v1_bringup)
[2.293s] DEBUG:colcon.colcon_core.event_handler.log_command:Invoked command in '/home/gary/bot_one/ros2_ws/build/optimus_v1_bringup' returned '0': CMAKE_PREFIX_PATH=${CMAKE_PREFIX_PATH}:/home/gary/first_ws/install/turtlesim_catch_them_all:/home/gary/first_ws/install/my_py_pkg:/opt/ros/humble /usr/bin/cmake --install /home/gary/bot_one/ros2_ws/build/optimus_v1_bringup
[2.308s] Level 1:colcon.colcon_core.environment:checking '/home/gary/bot_one/ros2_ws/install/optimus_v1_bringup' for CMake module files
[2.308s] Level 1:colcon.colcon_core.environment:checking '/home/gary/bot_one/ros2_ws/install/optimus_v1_bringup' for CMake config files
[2.309s] Level 1:colcon.colcon_core.shell:create_environment_hook('optimus_v1_bringup', 'cmake_prefix_path')
[2.324s] INFO:colcon.colcon_core.shell:Creating environment hook '/home/gary/bot_one/ros2_ws/install/optimus_v1_bringup/share/optimus_v1_bringup/hook/cmake_prefix_path.ps1'
[2.325s] INFO:colcon.colcon_core.shell:Creating environment descriptor '/home/gary/bot_one/ros2_ws/install/optimus_v1_bringup/share/optimus_v1_bringup/hook/cmake_prefix_path.dsv'
[2.325s] INFO:colcon.colcon_core.shell:Creating environment hook '/home/gary/bot_one/ros2_ws/install/optimus_v1_bringup/share/optimus_v1_bringup/hook/cmake_prefix_path.sh'
[2.326s] Level 1:colcon.colcon_core.environment:checking '/home/gary/bot_one/ros2_ws/install/optimus_v1_bringup/bin'
[2.327s] Level 1:colcon.colcon_core.environment:checking '/home/gary/bot_one/ros2_ws/install/optimus_v1_bringup/lib/pkgconfig/optimus_v1_bringup.pc'
[2.327s] Level 1:colcon.colcon_core.environment:checking '/home/gary/bot_one/ros2_ws/install/optimus_v1_bringup/lib/python3.10/site-packages'
[2.327s] Level 1:colcon.colcon_core.environment:checking '/home/gary/bot_one/ros2_ws/install/optimus_v1_bringup/bin'
[2.346s] INFO:colcon.colcon_core.shell:Creating package script '/home/gary/bot_one/ros2_ws/install/optimus_v1_bringup/share/optimus_v1_bringup/package.ps1'
[2.347s] INFO:colcon.colcon_core.shell:Creating package descriptor '/home/gary/bot_one/ros2_ws/install/optimus_v1_bringup/share/optimus_v1_bringup/package.dsv'
[2.347s] INFO:colcon.colcon_core.shell:Creating package script '/home/gary/bot_one/ros2_ws/install/optimus_v1_bringup/share/optimus_v1_bringup/package.sh'
[2.348s] INFO:colcon.colcon_core.shell:Creating package script '/home/gary/bot_one/ros2_ws/install/optimus_v1_bringup/share/optimus_v1_bringup/package.bash'
[2.349s] INFO:colcon.colcon_core.shell:Creating package script '/home/gary/bot_one/ros2_ws/install/optimus_v1_bringup/share/optimus_v1_bringup/package.zsh'
[2.349s] Level 1:colcon.colcon_core.environment:create_file_with_runtime_dependencies(/home/gary/bot_one/ros2_ws/install/optimus_v1_bringup/share/colcon-core/packages/optimus_v1_bringup)
[2.392s] Level 1:colcon.colcon_core.environment:create_environment_scripts_only(optimus_v1_bringup)
[2.408s] Level 1:colcon.colcon_core.environment:checking '/home/gary/bot_one/ros2_ws/install/optimus_v1_bringup' for CMake module files
[2.409s] Level 1:colcon.colcon_core.environment:checking '/home/gary/bot_one/ros2_ws/install/optimus_v1_bringup' for CMake config files
[2.409s] Level 1:colcon.colcon_core.shell:create_environment_hook('optimus_v1_bringup', 'cmake_prefix_path')
[2.424s] INFO:colcon.colcon_core.shell:Creating environment hook '/home/gary/bot_one/ros2_ws/install/optimus_v1_bringup/share/optimus_v1_bringup/hook/cmake_prefix_path.ps1'
[2.425s] INFO:colcon.colcon_core.shell:Creating environment descriptor '/home/gary/bot_one/ros2_ws/install/optimus_v1_bringup/share/optimus_v1_bringup/hook/cmake_prefix_path.dsv'
[2.425s] INFO:colcon.colcon_core.shell:Creating environment hook '/home/gary/bot_one/ros2_ws/install/optimus_v1_bringup/share/optimus_v1_bringup/hook/cmake_prefix_path.sh'
[2.426s] Level 1:colcon.colcon_core.environment:checking '/home/gary/bot_one/ros2_ws/install/optimus_v1_bringup/bin'
[2.427s] Level 1:colcon.colcon_core.environment:checking '/home/gary/bot_one/ros2_ws/install/optimus_v1_bringup/lib/pkgconfig/optimus_v1_bringup.pc'
[2.427s] Level 1:colcon.colcon_core.environment:checking '/home/gary/bot_one/ros2_ws/install/optimus_v1_bringup/lib/python3.10/site-packages'
[2.427s] Level 1:colcon.colcon_core.environment:checking '/home/gary/bot_one/ros2_ws/install/optimus_v1_bringup/bin'
[2.445s] INFO:colcon.colcon_core.shell:Creating package script '/home/gary/bot_one/ros2_ws/install/optimus_v1_bringup/share/optimus_v1_bringup/package.ps1'
[2.445s] INFO:colcon.colcon_core.shell:Creating package descriptor '/home/gary/bot_one/ros2_ws/install/optimus_v1_bringup/share/optimus_v1_bringup/package.dsv'
[2.446s] INFO:colcon.colcon_core.shell:Creating package script '/home/gary/bot_one/ros2_ws/install/optimus_v1_bringup/share/optimus_v1_bringup/package.sh'
[2.447s] INFO:colcon.colcon_core.shell:Creating package script '/home/gary/bot_one/ros2_ws/install/optimus_v1_bringup/share/optimus_v1_bringup/package.bash'
[2.447s] INFO:colcon.colcon_core.shell:Creating package script '/home/gary/bot_one/ros2_ws/install/optimus_v1_bringup/share/optimus_v1_bringup/package.zsh'
[2.448s] Level 1:colcon.colcon_core.environment:create_file_with_runtime_dependencies(/home/gary/bot_one/ros2_ws/install/optimus_v1_bringup/share/colcon-core/packages/optimus_v1_bringup)
[2.448s] DEBUG:colcon.colcon_parallel_executor.executor.parallel:closing loop
[2.448s] DEBUG:colcon.colcon_parallel_executor.executor.parallel:loop closed
[2.449s] DEBUG:colcon.colcon_parallel_executor.executor.parallel:run_until_complete finished with '0'
[2.449s] DEBUG:colcon.colcon_core.event_reactor:joining thread
[2.527s] INFO:colcon.colcon_core.plugin_system:Skipping extension 'colcon_notification.desktop_notification.notify_send': Could not find 'notify-send'
[2.528s] INFO:colcon.colcon_core.plugin_system:Skipping extension 'colcon_notification.desktop_notification.terminal_notifier': Not used on non-Darwin systems
[2.528s] INFO:colcon.colcon_core.plugin_system:Skipping extension 'colcon_notification.desktop_notification.win32': Not used on non-Windows systems
[2.528s] INFO:colcon.colcon_notification.desktop_notification:Sending desktop notification using 'notify2'
[2.528s] DEBUG:colcon.colcon_notification.desktop_notification.notify2:Failed to initialize notify2: org.freedesktop.DBus.Error.FileNotFound: Failed to connect to socket /run/user/1000/bus: No such file or directory
[2.528s] DEBUG:colcon.colcon_core.event_reactor:joined thread
[2.544s] INFO:colcon.colcon_core.shell:Creating prefix script '/home/gary/bot_one/ros2_ws/install/local_setup.ps1'
[2.545s] INFO:colcon.colcon_core.shell:Creating prefix util module '/home/gary/bot_one/ros2_ws/install/_local_setup_util_ps1.py'
[2.546s] INFO:colcon.colcon_core.shell:Creating prefix chain script '/home/gary/bot_one/ros2_ws/install/setup.ps1'
[2.566s] INFO:colcon.colcon_core.shell:Creating prefix script '/home/gary/bot_one/ros2_ws/install/local_setup.sh'
[2.567s] INFO:colcon.colcon_core.shell:Creating prefix util module '/home/gary/bot_one/ros2_ws/install/_local_setup_util_sh.py'
[2.568s] INFO:colcon.colcon_core.shell:Creating prefix chain script '/home/gary/bot_one/ros2_ws/install/setup.sh'
[2.588s] INFO:colcon.colcon_core.shell:Creating prefix script '/home/gary/bot_one/ros2_ws/install/local_setup.bash'
[2.588s] INFO:colcon.colcon_core.shell:Creating prefix chain script '/home/gary/bot_one/ros2_ws/install/setup.bash'
[2.606s] INFO:colcon.colcon_core.shell:Creating prefix script '/home/gary/bot_one/ros2_ws/install/local_setup.zsh'
[2.607s] INFO:colcon.colcon_core.shell:Creating prefix chain script '/home/gary/bot_one/ros2_ws/install/setup.zsh'
