-- Found ament_cmake: 1.3.8 (/opt/ros/humble/share/ament_cmake/cmake)
-- Override CMake install command with custom implementation using symlinks instead of copying resources
-- Configuring done
-- Generating done
-- Build files have been written to: /home/gary/bot_one/ros2_ws/build/optimus_v1_bringup
-- Install configuration: ""
-- Execute custom install script
-- Up-to-date symlink: /home/gary/bot_one/ros2_ws/install/optimus_v1_bringup/share/optimus_v1_bringup/launch/optimus_v1.launch.xml
-- Up-to-date symlink: /home/gary/bot_one/ros2_ws/install/optimus_v1_bringup/share/optimus_v1_bringup/rviz/optimus_v1.rviz
-- Symlinking: /home/gary/bot_one/ros2_ws/install/optimus_v1_bringup/share/optimus_v1_bringup/worlds/my_world.world
-- Up-to-date symlink: /home/gary/bot_one/ros2_ws/install/optimus_v1_bringup/share/ament_index/resource_index/package_run_dependencies/optimus_v1_bringup
-- Up-to-date symlink: /home/gary/bot_one/ros2_ws/install/optimus_v1_bringup/share/ament_index/resource_index/parent_prefix_path/optimus_v1_bringup
-- Up-to-date symlink: /home/gary/bot_one/ros2_ws/install/optimus_v1_bringup/share/optimus_v1_bringup/environment/ament_prefix_path.sh
-- Up-to-date symlink: /home/gary/bot_one/ros2_ws/install/optimus_v1_bringup/share/optimus_v1_bringup/environment/ament_prefix_path.dsv
-- Up-to-date symlink: /home/gary/bot_one/ros2_ws/install/optimus_v1_bringup/share/optimus_v1_bringup/environment/path.sh
-- Up-to-date symlink: /home/gary/bot_one/ros2_ws/install/optimus_v1_bringup/share/optimus_v1_bringup/environment/path.dsv
-- Up-to-date symlink: /home/gary/bot_one/ros2_ws/install/optimus_v1_bringup/share/optimus_v1_bringup/local_setup.bash
-- Up-to-date symlink: /home/gary/bot_one/ros2_ws/install/optimus_v1_bringup/share/optimus_v1_bringup/local_setup.sh
-- Up-to-date symlink: /home/gary/bot_one/ros2_ws/install/optimus_v1_bringup/share/optimus_v1_bringup/local_setup.zsh
-- Up-to-date symlink: /home/gary/bot_one/ros2_ws/install/optimus_v1_bringup/share/optimus_v1_bringup/local_setup.dsv
-- Symlinking: /home/gary/bot_one/ros2_ws/install/optimus_v1_bringup/share/optimus_v1_bringup/package.dsv
-- Up-to-date symlink: /home/gary/bot_one/ros2_ws/install/optimus_v1_bringup/share/ament_index/resource_index/packages/optimus_v1_bringup
-- Up-to-date symlink: /home/gary/bot_one/ros2_ws/install/optimus_v1_bringup/share/optimus_v1_bringup/cmake/optimus_v1_bringupConfig.cmake
-- Up-to-date symlink: /home/gary/bot_one/ros2_ws/install/optimus_v1_bringup/share/optimus_v1_bringup/cmake/optimus_v1_bringupConfig-version.cmake
-- Up-to-date symlink: /home/gary/bot_one/ros2_ws/install/optimus_v1_bringup/share/optimus_v1_bringup/package.xml
