[0.242s] Invoking command in '/home/gary/bot_one/ros2_ws/build/optimus_v1_bringup': CMAKE_PREFIX_PATH=/home/gary/bot_one/ros2_ws/install/optimus_v1_description:/home/gary/bot_one/ros2_ws/install/optimus_v1_bringup:/home/gary/first_ws/install/my_robot_bringup:/home/gary/first_ws/install/my_robot_interfaces:/home/gary/first_ws/install/turtlesim_catch_them_all:/home/gary/first_ws/install/my_py_pkg:/opt/ros/humble /usr/bin/cmake --build /home/gary/bot_one/ros2_ws/build/optimus_v1_bringup -- -j8 -l8
[0.271s] -- Found ament_cmake: 1.3.8 (/opt/ros/humble/share/ament_cmake/cmake)
[0.481s] -- Override CMake install command with custom implementation using symlinks instead of copying resources
[0.606s] -- Configuring done
[0.612s] -- Generating done
[0.615s] -- Build files have been written to: /home/gary/bot_one/ros2_ws/build/optimus_v1_bringup
[0.649s] Invoked command in '/home/gary/bot_one/ros2_ws/build/optimus_v1_bringup' returned '0': CMAKE_PREFIX_PATH=/home/gary/bot_one/ros2_ws/install/optimus_v1_description:/home/gary/bot_one/ros2_ws/install/optimus_v1_bringup:/home/gary/first_ws/install/my_robot_bringup:/home/gary/first_ws/install/my_robot_interfaces:/home/gary/first_ws/install/turtlesim_catch_them_all:/home/gary/first_ws/install/my_py_pkg:/opt/ros/humble /usr/bin/cmake --build /home/gary/bot_one/ros2_ws/build/optimus_v1_bringup -- -j8 -l8
[0.680s] Invoking command in '/home/gary/bot_one/ros2_ws/build/optimus_v1_bringup': CMAKE_PREFIX_PATH=/home/gary/bot_one/ros2_ws/install/optimus_v1_description:/home/gary/bot_one/ros2_ws/install/optimus_v1_bringup:/home/gary/first_ws/install/my_robot_bringup:/home/gary/first_ws/install/my_robot_interfaces:/home/gary/first_ws/install/turtlesim_catch_them_all:/home/gary/first_ws/install/my_py_pkg:/opt/ros/humble /usr/bin/cmake --install /home/gary/bot_one/ros2_ws/build/optimus_v1_bringup
[0.691s] -- Install configuration: ""
[0.692s] -- Execute custom install script
[0.693s] -- Up-to-date symlink: /home/gary/bot_one/ros2_ws/install/optimus_v1_bringup/share/optimus_v1_bringup/launch/optimus_v1.launch.xml
[0.693s] -- Up-to-date symlink: /home/gary/bot_one/ros2_ws/install/optimus_v1_bringup/share/optimus_v1_bringup/rviz/optimus_v1.rviz
[0.695s] -- Symlinking: /home/gary/bot_one/ros2_ws/install/optimus_v1_bringup/share/optimus_v1_bringup/worlds/my_world.world
[0.708s] -- Up-to-date symlink: /home/gary/bot_one/ros2_ws/install/optimus_v1_bringup/share/ament_index/resource_index/package_run_dependencies/optimus_v1_bringup
[0.708s] -- Up-to-date symlink: /home/gary/bot_one/ros2_ws/install/optimus_v1_bringup/share/ament_index/resource_index/parent_prefix_path/optimus_v1_bringup
[0.709s] -- Up-to-date symlink: /home/gary/bot_one/ros2_ws/install/optimus_v1_bringup/share/optimus_v1_bringup/environment/ament_prefix_path.sh
[0.709s] -- Up-to-date symlink: /home/gary/bot_one/ros2_ws/install/optimus_v1_bringup/share/optimus_v1_bringup/environment/ament_prefix_path.dsv
[0.710s] -- Up-to-date symlink: /home/gary/bot_one/ros2_ws/install/optimus_v1_bringup/share/optimus_v1_bringup/environment/path.sh
[0.710s] -- Up-to-date symlink: /home/gary/bot_one/ros2_ws/install/optimus_v1_bringup/share/optimus_v1_bringup/environment/path.dsv
[0.710s] -- Up-to-date symlink: /home/gary/bot_one/ros2_ws/install/optimus_v1_bringup/share/optimus_v1_bringup/local_setup.bash
[0.711s] -- Up-to-date symlink: /home/gary/bot_one/ros2_ws/install/optimus_v1_bringup/share/optimus_v1_bringup/local_setup.sh
[0.711s] -- Up-to-date symlink: /home/gary/bot_one/ros2_ws/install/optimus_v1_bringup/share/optimus_v1_bringup/local_setup.zsh
[0.711s] -- Up-to-date symlink: /home/gary/bot_one/ros2_ws/install/optimus_v1_bringup/share/optimus_v1_bringup/local_setup.dsv
[0.711s] -- Symlinking: /home/gary/bot_one/ros2_ws/install/optimus_v1_bringup/share/optimus_v1_bringup/package.dsv
[0.725s] -- Up-to-date symlink: /home/gary/bot_one/ros2_ws/install/optimus_v1_bringup/share/ament_index/resource_index/packages/optimus_v1_bringup
[0.725s] -- Up-to-date symlink: /home/gary/bot_one/ros2_ws/install/optimus_v1_bringup/share/optimus_v1_bringup/cmake/optimus_v1_bringupConfig.cmake
[0.726s] -- Up-to-date symlink: /home/gary/bot_one/ros2_ws/install/optimus_v1_bringup/share/optimus_v1_bringup/cmake/optimus_v1_bringupConfig-version.cmake
[0.726s] -- Up-to-date symlink: /home/gary/bot_one/ros2_ws/install/optimus_v1_bringup/share/optimus_v1_bringup/package.xml
[0.729s] Invoked command in '/home/gary/bot_one/ros2_ws/build/optimus_v1_bringup' returned '0': CMAKE_PREFIX_PATH=/home/gary/bot_one/ros2_ws/install/optimus_v1_description:/home/gary/bot_one/ros2_ws/install/optimus_v1_bringup:/home/gary/first_ws/install/my_robot_bringup:/home/gary/first_ws/install/my_robot_interfaces:/home/gary/first_ws/install/turtlesim_catch_them_all:/home/gary/first_ws/install/my_py_pkg:/opt/ros/humble /usr/bin/cmake --install /home/gary/bot_one/ros2_ws/build/optimus_v1_bringup
