[0.082s] Invoking command in '/home/gary/bot_one/ros2_ws/build/optimus_v1_description': CMAKE_PREFIX_PATH=${CMAKE_PREFIX_PATH}:/home/gary/first_ws/install/turtlesim_catch_them_all:/home/gary/first_ws/install/my_py_pkg:/opt/ros/humble /usr/bin/cmake /home/gary/bot_one/ros2_ws/src/optimus_v1_description -DCMAKE_INSTALL_PREFIX=/home/gary/bot_one/ros2_ws/install/optimus_v1_description
[0.271s] -- The C compiler identification is GNU 11.4.0
[1.003s] -- The CXX compiler identification is GNU 11.4.0
[1.587s] -- Detecting C compiler ABI info
[1.775s] -- Detecting C compiler ABI info - done
[1.783s] -- Check for working C compiler: /usr/bin/cc - skipped
[1.783s] -- Detecting C compile features
[1.784s] -- Detecting C compile features - done
[1.787s] -- Detecting CXX compiler ABI info
[1.994s] -- Detecting CXX compiler ABI info - done
[2.002s] -- Check for working CXX compiler: /usr/bin/c++ - skipped
[2.003s] -- Detecting CXX compile features
[2.003s] -- Detecting CXX compile features - done
[2.007s] -- Found ament_cmake: 1.3.8 (/opt/ros/humble/share/ament_cmake/cmake)
[2.174s] -- Found Python3: /usr/bin/python3 (found version "3.10.12") found components: Interpreter 
[2.340s] -- Configuring done
[2.344s] -- Generating done
[2.346s] -- Build files have been written to: /home/gary/bot_one/ros2_ws/build/optimus_v1_description
[2.351s] Invoked command in '/home/gary/bot_one/ros2_ws/build/optimus_v1_description' returned '0': CMAKE_PREFIX_PATH=${CMAKE_PREFIX_PATH}:/home/gary/first_ws/install/turtlesim_catch_them_all:/home/gary/first_ws/install/my_py_pkg:/opt/ros/humble /usr/bin/cmake /home/gary/bot_one/ros2_ws/src/optimus_v1_description -DCMAKE_INSTALL_PREFIX=/home/gary/bot_one/ros2_ws/install/optimus_v1_description
[2.355s] Invoking command in '/home/gary/bot_one/ros2_ws/build/optimus_v1_description': CMAKE_PREFIX_PATH=${CMAKE_PREFIX_PATH}:/home/gary/first_ws/install/turtlesim_catch_them_all:/home/gary/first_ws/install/my_py_pkg:/opt/ros/humble /usr/bin/cmake --build /home/gary/bot_one/ros2_ws/build/optimus_v1_description -- -j8 -l8
[2.392s] Invoked command in '/home/gary/bot_one/ros2_ws/build/optimus_v1_description' returned '0': CMAKE_PREFIX_PATH=${CMAKE_PREFIX_PATH}:/home/gary/first_ws/install/turtlesim_catch_them_all:/home/gary/first_ws/install/my_py_pkg:/opt/ros/humble /usr/bin/cmake --build /home/gary/bot_one/ros2_ws/build/optimus_v1_description -- -j8 -l8
[2.427s] Invoking command in '/home/gary/bot_one/ros2_ws/build/optimus_v1_description': CMAKE_PREFIX_PATH=${CMAKE_PREFIX_PATH}:/home/gary/first_ws/install/turtlesim_catch_them_all:/home/gary/first_ws/install/my_py_pkg:/opt/ros/humble /usr/bin/cmake --install /home/gary/bot_one/ros2_ws/build/optimus_v1_description
[2.434s] -- Install configuration: ""
[2.434s] -- Installing: /home/gary/bot_one/ros2_ws/install/optimus_v1_description/share/optimus_v1_description//urdf
[2.435s] -- Installing: /home/gary/bot_one/ros2_ws/install/optimus_v1_description/share/optimus_v1_description//urdf/optimus_v1.urdf
[2.436s] -- Installing: /home/gary/bot_one/ros2_ws/install/optimus_v1_description/share/ament_index/resource_index/package_run_dependencies/optimus_v1_description
[2.436s] -- Installing: /home/gary/bot_one/ros2_ws/install/optimus_v1_description/share/ament_index/resource_index/parent_prefix_path/optimus_v1_description
[2.436s] -- Installing: /home/gary/bot_one/ros2_ws/install/optimus_v1_description/share/optimus_v1_description/environment/ament_prefix_path.sh
[2.437s] -- Installing: /home/gary/bot_one/ros2_ws/install/optimus_v1_description/share/optimus_v1_description/environment/ament_prefix_path.dsv
[2.437s] -- Installing: /home/gary/bot_one/ros2_ws/install/optimus_v1_description/share/optimus_v1_description/environment/path.sh
[2.438s] -- Installing: /home/gary/bot_one/ros2_ws/install/optimus_v1_description/share/optimus_v1_description/environment/path.dsv
[2.438s] -- Installing: /home/gary/bot_one/ros2_ws/install/optimus_v1_description/share/optimus_v1_description/local_setup.bash
[2.438s] -- Installing: /home/gary/bot_one/ros2_ws/install/optimus_v1_description/share/optimus_v1_description/local_setup.sh
[2.438s] -- Installing: /home/gary/bot_one/ros2_ws/install/optimus_v1_description/share/optimus_v1_description/local_setup.zsh
[2.439s] -- Installing: /home/gary/bot_one/ros2_ws/install/optimus_v1_description/share/optimus_v1_description/local_setup.dsv
[2.439s] -- Installing: /home/gary/bot_one/ros2_ws/install/optimus_v1_description/share/optimus_v1_description/package.dsv
[2.439s] -- Installing: /home/gary/bot_one/ros2_ws/install/optimus_v1_description/share/ament_index/resource_index/packages/optimus_v1_description
[2.439s] -- Installing: /home/gary/bot_one/ros2_ws/install/optimus_v1_description/share/optimus_v1_description/cmake/optimus_v1_descriptionConfig.cmake
[2.439s] -- Installing: /home/gary/bot_one/ros2_ws/install/optimus_v1_description/share/optimus_v1_description/cmake/optimus_v1_descriptionConfig-version.cmake
[2.440s] -- Installing: /home/gary/bot_one/ros2_ws/install/optimus_v1_description/share/optimus_v1_description/package.xml
[2.442s] Invoked command in '/home/gary/bot_one/ros2_ws/build/optimus_v1_description' returned '0': CMAKE_PREFIX_PATH=${CMAKE_PREFIX_PATH}:/home/gary/first_ws/install/turtlesim_catch_them_all:/home/gary/first_ws/install/my_py_pkg:/opt/ros/humble /usr/bin/cmake --install /home/gary/bot_one/ros2_ws/build/optimus_v1_description
