[2.405s] DEBUG:colcon:Command line arguments: ['/usr/bin/colcon', 'build', '--symlink-install']
[2.405s] DEBUG:colcon:Parsed command line arguments: Namespace(log_base=None, log_level=None, verb_name='build', build_base='build', install_base='install', merge_install=False, symlink_install=True, test_result_base=None, continue_on_error=False, executor='parallel', parallel_workers=8, event_handlers=None, ignore_user_meta=False, metas=['./colcon.meta'], base_paths=['.'], packages_ignore=None, packages_ignore_regex=None, paths=None, packages_up_to=None, packages_up_to_regex=None, packages_above=None, packages_above_and_dependencies=None, packages_above_depth=None, packages_select_by_dep=None, packages_skip_by_dep=None, packages_skip_up_to=None, packages_select_build_failed=False, packages_skip_build_finished=False, packages_select_test_failures=False, packages_skip_test_passed=False, packages_select=None, packages_skip=None, packages_select_regex=None, packages_skip_regex=None, packages_start=None, packages_end=None, allow_overriding=[], cmake_args=None, cmake_target=None, cmake_target_skip_unavailable=False, cmake_clean_cache=False, cmake_clean_first=False, cmake_force_configure=False, ament_cmake_args=None, catkin_cmake_args=None, catkin_skip_building_tests=False, verb_parser=<colcon_defaults.argument_parser.defaults.DefaultArgumentsDecorator object at 0x7f8cd2772ec0>, verb_extension=<colcon_core.verb.build.BuildVerb object at 0x7f8cd2773d30>, main=<bound method BuildVerb.main of <colcon_core.verb.build.BuildVerb object at 0x7f8cd2773d30>>)
[2.500s] Level 1:colcon.colcon_core.package_discovery:discover_packages(colcon_meta) check parameters
[2.500s] Level 1:colcon.colcon_core.package_discovery:discover_packages(recursive) check parameters
[2.500s] Level 1:colcon.colcon_core.package_discovery:discover_packages(ignore) check parameters
[2.500s] Level 1:colcon.colcon_core.package_discovery:discover_packages(path) check parameters
[2.500s] Level 1:colcon.colcon_core.package_discovery:discover_packages(colcon_meta) discover
[2.501s] Level 1:colcon.colcon_core.package_discovery:discover_packages(recursive) discover
[2.501s] INFO:colcon.colcon_core.package_discovery:Crawling recursively for packages in '/home/gary/bot_one/ros2_ws'
[2.501s] Level 1:colcon.colcon_core.package_identification:_identify(.) by extensions ['ignore', 'ignore_ament_install']
[2.501s] Level 1:colcon.colcon_core.package_identification:_identify(.) by extension 'ignore'
[2.501s] Level 1:colcon.colcon_core.package_identification:_identify(.) by extension 'ignore_ament_install'
[2.501s] Level 1:colcon.colcon_core.package_identification:_identify(.) by extensions ['colcon_pkg']
[2.501s] Level 1:colcon.colcon_core.package_identification:_identify(.) by extension 'colcon_pkg'
[2.501s] Level 1:colcon.colcon_core.package_identification:_identify(.) by extensions ['colcon_meta']
[2.501s] Level 1:colcon.colcon_core.package_identification:_identify(.) by extension 'colcon_meta'
[2.502s] Level 1:colcon.colcon_core.package_identification:_identify(.) by extensions ['ros']
[2.502s] Level 1:colcon.colcon_core.package_identification:_identify(.) by extension 'ros'
[2.525s] Level 1:colcon.colcon_core.package_identification:_identify(.) by extensions ['cmake', 'python']
[2.525s] Level 1:colcon.colcon_core.package_identification:_identify(.) by extension 'cmake'
[2.526s] Level 1:colcon.colcon_core.package_identification:_identify(.) by extension 'python'
[2.526s] Level 1:colcon.colcon_core.package_identification:_identify(.) by extensions ['python_setup_py']
[2.526s] Level 1:colcon.colcon_core.package_identification:_identify(.) by extension 'python_setup_py'
[2.526s] Level 1:colcon.colcon_core.package_identification:_identify(build) by extensions ['ignore', 'ignore_ament_install']
[2.526s] Level 1:colcon.colcon_core.package_identification:_identify(build) by extension 'ignore'
[2.526s] Level 1:colcon.colcon_core.package_identification:_identify(build) ignored
[2.527s] Level 1:colcon.colcon_core.package_identification:_identify(install) by extensions ['ignore', 'ignore_ament_install']
[2.527s] Level 1:colcon.colcon_core.package_identification:_identify(install) by extension 'ignore'
[2.527s] Level 1:colcon.colcon_core.package_identification:_identify(install) ignored
[2.527s] Level 1:colcon.colcon_core.package_identification:_identify(log) by extensions ['ignore', 'ignore_ament_install']
[2.527s] Level 1:colcon.colcon_core.package_identification:_identify(log) by extension 'ignore'
[2.528s] Level 1:colcon.colcon_core.package_identification:_identify(log) ignored
[2.528s] Level 1:colcon.colcon_core.package_identification:_identify(src) by extensions ['ignore', 'ignore_ament_install']
[2.528s] Level 1:colcon.colcon_core.package_identification:_identify(src) by extension 'ignore'
[2.528s] Level 1:colcon.colcon_core.package_identification:_identify(src) by extension 'ignore_ament_install'
[2.528s] Level 1:colcon.colcon_core.package_identification:_identify(src) by extensions ['colcon_pkg']
[2.528s] Level 1:colcon.colcon_core.package_identification:_identify(src) by extension 'colcon_pkg'
[2.528s] Level 1:colcon.colcon_core.package_identification:_identify(src) by extensions ['colcon_meta']
[2.528s] Level 1:colcon.colcon_core.package_identification:_identify(src) by extension 'colcon_meta'
[2.529s] Level 1:colcon.colcon_core.package_identification:_identify(src) by extensions ['ros']
[2.529s] Level 1:colcon.colcon_core.package_identification:_identify(src) by extension 'ros'
[2.529s] Level 1:colcon.colcon_core.package_identification:_identify(src) by extensions ['cmake', 'python']
[2.529s] Level 1:colcon.colcon_core.package_identification:_identify(src) by extension 'cmake'
[2.529s] Level 1:colcon.colcon_core.package_identification:_identify(src) by extension 'python'
[2.529s] Level 1:colcon.colcon_core.package_identification:_identify(src) by extensions ['python_setup_py']
[2.529s] Level 1:colcon.colcon_core.package_identification:_identify(src) by extension 'python_setup_py'
[2.529s] Level 1:colcon.colcon_core.package_identification:_identify(src/optimus_v1_bringup) by extensions ['ignore', 'ignore_ament_install']
[2.529s] Level 1:colcon.colcon_core.package_identification:_identify(src/optimus_v1_bringup) by extension 'ignore'
[2.530s] Level 1:colcon.colcon_core.package_identification:_identify(src/optimus_v1_bringup) by extension 'ignore_ament_install'
[2.530s] Level 1:colcon.colcon_core.package_identification:_identify(src/optimus_v1_bringup) by extensions ['colcon_pkg']
[2.530s] Level 1:colcon.colcon_core.package_identification:_identify(src/optimus_v1_bringup) by extension 'colcon_pkg'
[2.530s] Level 1:colcon.colcon_core.package_identification:_identify(src/optimus_v1_bringup) by extensions ['colcon_meta']
[2.530s] Level 1:colcon.colcon_core.package_identification:_identify(src/optimus_v1_bringup) by extension 'colcon_meta'
[2.530s] Level 1:colcon.colcon_core.package_identification:_identify(src/optimus_v1_bringup) by extensions ['ros']
[2.530s] Level 1:colcon.colcon_core.package_identification:_identify(src/optimus_v1_bringup) by extension 'ros'
[2.534s] DEBUG:colcon.colcon_core.package_identification:Package 'src/optimus_v1_bringup' with type 'ros.ament_cmake' and name 'optimus_v1_bringup'
[2.534s] Level 1:colcon.colcon_core.package_identification:_identify(src/optimus_v1_description) by extensions ['ignore', 'ignore_ament_install']
[2.534s] Level 1:colcon.colcon_core.package_identification:_identify(src/optimus_v1_description) by extension 'ignore'
[2.534s] Level 1:colcon.colcon_core.package_identification:_identify(src/optimus_v1_description) by extension 'ignore_ament_install'
[2.534s] Level 1:colcon.colcon_core.package_identification:_identify(src/optimus_v1_description) by extensions ['colcon_pkg']
[2.534s] Level 1:colcon.colcon_core.package_identification:_identify(src/optimus_v1_description) by extension 'colcon_pkg'
[2.535s] Level 1:colcon.colcon_core.package_identification:_identify(src/optimus_v1_description) by extensions ['colcon_meta']
[2.535s] Level 1:colcon.colcon_core.package_identification:_identify(src/optimus_v1_description) by extension 'colcon_meta'
[2.535s] Level 1:colcon.colcon_core.package_identification:_identify(src/optimus_v1_description) by extensions ['ros']
[2.535s] Level 1:colcon.colcon_core.package_identification:_identify(src/optimus_v1_description) by extension 'ros'
[2.536s] DEBUG:colcon.colcon_core.package_identification:Package 'src/optimus_v1_description' with type 'ros.ament_cmake' and name 'optimus_v1_description'
[2.536s] Level 1:colcon.colcon_core.package_discovery:discover_packages(recursive) using defaults
[2.536s] Level 1:colcon.colcon_core.package_discovery:discover_packages(ignore) discover
[2.536s] Level 1:colcon.colcon_core.package_discovery:discover_packages(ignore) using defaults
[2.536s] Level 1:colcon.colcon_core.package_discovery:discover_packages(path) discover
[2.536s] Level 1:colcon.colcon_core.package_discovery:discover_packages(path) using defaults
[2.735s] Level 1:colcon.colcon_core.package_discovery:discover_packages(prefix_path) check parameters
[2.736s] Level 1:colcon.colcon_core.package_discovery:discover_packages(prefix_path) discover
[2.802s] DEBUG:colcon.colcon_installed_package_information.package_discovery:Found 2 installed packages in /home/gary/bot_one/ros2_ws/install
[2.836s] DEBUG:colcon.colcon_installed_package_information.package_discovery:Found 4 installed packages in /home/gary/first_ws/install
[2.870s] DEBUG:colcon.colcon_installed_package_information.package_discovery:Found 344 installed packages in /opt/ros/humble
[2.875s] Level 1:colcon.colcon_core.package_discovery:discover_packages(prefix_path) using defaults
[3.143s] Level 5:colcon.colcon_core.verb:set package 'optimus_v1_bringup' build argument 'cmake_args' from command line to 'None'
[3.144s] Level 5:colcon.colcon_core.verb:set package 'optimus_v1_bringup' build argument 'cmake_target' from command line to 'None'
[3.144s] Level 5:colcon.colcon_core.verb:set package 'optimus_v1_bringup' build argument 'cmake_target_skip_unavailable' from command line to 'False'
[3.144s] Level 5:colcon.colcon_core.verb:set package 'optimus_v1_bringup' build argument 'cmake_clean_cache' from command line to 'False'
[3.144s] Level 5:colcon.colcon_core.verb:set package 'optimus_v1_bringup' build argument 'cmake_clean_first' from command line to 'False'
[3.144s] Level 5:colcon.colcon_core.verb:set package 'optimus_v1_bringup' build argument 'cmake_force_configure' from command line to 'False'
[3.144s] Level 5:colcon.colcon_core.verb:set package 'optimus_v1_bringup' build argument 'ament_cmake_args' from command line to 'None'
[3.144s] Level 5:colcon.colcon_core.verb:set package 'optimus_v1_bringup' build argument 'catkin_cmake_args' from command line to 'None'
[3.144s] Level 5:colcon.colcon_core.verb:set package 'optimus_v1_bringup' build argument 'catkin_skip_building_tests' from command line to 'False'
[3.144s] DEBUG:colcon.colcon_core.verb:Building package 'optimus_v1_bringup' with the following arguments: {'ament_cmake_args': None, 'build_base': '/home/gary/bot_one/ros2_ws/build/optimus_v1_bringup', 'catkin_cmake_args': None, 'catkin_skip_building_tests': False, 'cmake_args': None, 'cmake_clean_cache': False, 'cmake_clean_first': False, 'cmake_force_configure': False, 'cmake_target': None, 'cmake_target_skip_unavailable': False, 'install_base': '/home/gary/bot_one/ros2_ws/install/optimus_v1_bringup', 'merge_install': False, 'path': '/home/gary/bot_one/ros2_ws/src/optimus_v1_bringup', 'symlink_install': True, 'test_result_base': None}
[3.180s] Level 5:colcon.colcon_core.verb:set package 'optimus_v1_description' build argument 'cmake_args' from command line to 'None'
[3.180s] Level 5:colcon.colcon_core.verb:set package 'optimus_v1_description' build argument 'cmake_target' from command line to 'None'
[3.180s] Level 5:colcon.colcon_core.verb:set package 'optimus_v1_description' build argument 'cmake_target_skip_unavailable' from command line to 'False'
[3.180s] Level 5:colcon.colcon_core.verb:set package 'optimus_v1_description' build argument 'cmake_clean_cache' from command line to 'False'
[3.180s] Level 5:colcon.colcon_core.verb:set package 'optimus_v1_description' build argument 'cmake_clean_first' from command line to 'False'
[3.180s] Level 5:colcon.colcon_core.verb:set package 'optimus_v1_description' build argument 'cmake_force_configure' from command line to 'False'
[3.180s] Level 5:colcon.colcon_core.verb:set package 'optimus_v1_description' build argument 'ament_cmake_args' from command line to 'None'
[3.181s] Level 5:colcon.colcon_core.verb:set package 'optimus_v1_description' build argument 'catkin_cmake_args' from command line to 'None'
[3.181s] Level 5:colcon.colcon_core.verb:set package 'optimus_v1_description' build argument 'catkin_skip_building_tests' from command line to 'False'
[3.181s] DEBUG:colcon.colcon_core.verb:Building package 'optimus_v1_description' with the following arguments: {'ament_cmake_args': None, 'build_base': '/home/gary/bot_one/ros2_ws/build/optimus_v1_description', 'catkin_cmake_args': None, 'catkin_skip_building_tests': False, 'cmake_args': None, 'cmake_clean_cache': False, 'cmake_clean_first': False, 'cmake_force_configure': False, 'cmake_target': None, 'cmake_target_skip_unavailable': False, 'install_base': '/home/gary/bot_one/ros2_ws/install/optimus_v1_description', 'merge_install': False, 'path': '/home/gary/bot_one/ros2_ws/src/optimus_v1_description', 'symlink_install': True, 'test_result_base': None}
[3.217s] INFO:colcon.colcon_core.executor:Executing jobs using 'parallel' executor
[3.250s] DEBUG:colcon.colcon_parallel_executor.executor.parallel:run_until_complete
[3.251s] INFO:colcon.colcon_ros.task.ament_cmake.build:Building ROS package in '/home/gary/bot_one/ros2_ws/src/optimus_v1_bringup' with build type 'ament_cmake'
[3.251s] INFO:colcon.colcon_cmake.task.cmake.build:Building CMake package in '/home/gary/bot_one/ros2_ws/src/optimus_v1_bringup'
[3.294s] INFO:colcon.colcon_core.plugin_system:Skipping extension 'colcon_core.shell.bat': Not used on non-Windows systems
[3.295s] INFO:colcon.colcon_core.shell:Skip shell extension 'powershell' for command environment: Not usable outside of PowerShell
[3.295s] DEBUG:colcon.colcon_core.shell:Skip shell extension 'dsv' for command environment
[3.441s] INFO:colcon.colcon_ros.task.ament_cmake.build:Building ROS package in '/home/gary/bot_one/ros2_ws/src/optimus_v1_description' with build type 'ament_cmake'
[3.442s] INFO:colcon.colcon_cmake.task.cmake.build:Building CMake package in '/home/gary/bot_one/ros2_ws/src/optimus_v1_description'
[3.484s] INFO:colcon.colcon_core.shell:Skip shell extension 'powershell' for command environment: Not usable outside of PowerShell
[3.485s] DEBUG:colcon.colcon_core.shell:Skip shell extension 'dsv' for command environment
[3.670s] DEBUG:colcon.colcon_core.event_handler.log_command:Invoking command in '/home/gary/bot_one/ros2_ws/build/optimus_v1_bringup': CMAKE_PREFIX_PATH=${CMAKE_PREFIX_PATH}:/home/gary/first_ws/install/turtlesim_catch_them_all:/home/gary/first_ws/install/my_py_pkg:/opt/ros/humble /usr/bin/cmake --build /home/gary/bot_one/ros2_ws/build/optimus_v1_bringup -- -j8 -l8
[3.677s] DEBUG:colcon.colcon_core.event_handler.log_command:Invoking command in '/home/gary/bot_one/ros2_ws/build/optimus_v1_description': CMAKE_PREFIX_PATH=${CMAKE_PREFIX_PATH}:/home/gary/first_ws/install/turtlesim_catch_them_all:/home/gary/first_ws/install/my_py_pkg:/opt/ros/humble /usr/bin/cmake --build /home/gary/bot_one/ros2_ws/build/optimus_v1_description -- -j8 -l8
[3.733s] DEBUG:colcon.colcon_core.event_handler.log_command:Invoked command in '/home/gary/bot_one/ros2_ws/build/optimus_v1_description' returned '0': CMAKE_PREFIX_PATH=${CMAKE_PREFIX_PATH}:/home/gary/first_ws/install/turtlesim_catch_them_all:/home/gary/first_ws/install/my_py_pkg:/opt/ros/humble /usr/bin/cmake --build /home/gary/bot_one/ros2_ws/build/optimus_v1_description -- -j8 -l8
[3.737s] DEBUG:colcon.colcon_core.event_handler.log_command:Invoked command in '/home/gary/bot_one/ros2_ws/build/optimus_v1_bringup' returned '0': CMAKE_PREFIX_PATH=${CMAKE_PREFIX_PATH}:/home/gary/first_ws/install/turtlesim_catch_them_all:/home/gary/first_ws/install/my_py_pkg:/opt/ros/humble /usr/bin/cmake --build /home/gary/bot_one/ros2_ws/build/optimus_v1_bringup -- -j8 -l8
[3.787s] DEBUG:colcon.colcon_core.event_handler.log_command:Invoking command in '/home/gary/bot_one/ros2_ws/build/optimus_v1_description': CMAKE_PREFIX_PATH=${CMAKE_PREFIX_PATH}:/home/gary/first_ws/install/turtlesim_catch_them_all:/home/gary/first_ws/install/my_py_pkg:/opt/ros/humble /usr/bin/cmake --install /home/gary/bot_one/ros2_ws/build/optimus_v1_description
[3.792s] DEBUG:colcon.colcon_core.event_handler.log_command:Invoking command in '/home/gary/bot_one/ros2_ws/build/optimus_v1_bringup': CMAKE_PREFIX_PATH=${CMAKE_PREFIX_PATH}:/home/gary/first_ws/install/turtlesim_catch_them_all:/home/gary/first_ws/install/my_py_pkg:/opt/ros/humble /usr/bin/cmake --install /home/gary/bot_one/ros2_ws/build/optimus_v1_bringup
[3.835s] Level 1:colcon.colcon_core.environment:create_environment_scripts_only(optimus_v1_bringup)
[3.836s] DEBUG:colcon.colcon_core.event_handler.log_command:Invoked command in '/home/gary/bot_one/ros2_ws/build/optimus_v1_bringup' returned '0': CMAKE_PREFIX_PATH=${CMAKE_PREFIX_PATH}:/home/gary/first_ws/install/turtlesim_catch_them_all:/home/gary/first_ws/install/my_py_pkg:/opt/ros/humble /usr/bin/cmake --install /home/gary/bot_one/ros2_ws/build/optimus_v1_bringup
[3.885s] Level 1:colcon.colcon_core.environment:checking '/home/gary/bot_one/ros2_ws/install/optimus_v1_bringup' for CMake module files
[3.886s] Level 1:colcon.colcon_core.environment:checking '/home/gary/bot_one/ros2_ws/install/optimus_v1_bringup' for CMake config files
[3.887s] Level 1:colcon.colcon_core.shell:create_environment_hook('optimus_v1_bringup', 'cmake_prefix_path')
[3.923s] INFO:colcon.colcon_core.shell:Creating environment hook '/home/gary/bot_one/ros2_ws/install/optimus_v1_bringup/share/optimus_v1_bringup/hook/cmake_prefix_path.ps1'
[3.925s] INFO:colcon.colcon_core.shell:Creating environment descriptor '/home/gary/bot_one/ros2_ws/install/optimus_v1_bringup/share/optimus_v1_bringup/hook/cmake_prefix_path.dsv'
[3.926s] INFO:colcon.colcon_core.shell:Creating environment hook '/home/gary/bot_one/ros2_ws/install/optimus_v1_bringup/share/optimus_v1_bringup/hook/cmake_prefix_path.sh'
[3.928s] Level 1:colcon.colcon_core.environment:checking '/home/gary/bot_one/ros2_ws/install/optimus_v1_bringup/bin'
[3.928s] Level 1:colcon.colcon_core.environment:checking '/home/gary/bot_one/ros2_ws/install/optimus_v1_bringup/lib/pkgconfig/optimus_v1_bringup.pc'
[3.929s] Level 1:colcon.colcon_core.environment:checking '/home/gary/bot_one/ros2_ws/install/optimus_v1_bringup/lib/python3.10/site-packages'
[3.929s] Level 1:colcon.colcon_core.environment:checking '/home/gary/bot_one/ros2_ws/install/optimus_v1_bringup/bin'
[3.962s] INFO:colcon.colcon_core.shell:Creating package script '/home/gary/bot_one/ros2_ws/install/optimus_v1_bringup/share/optimus_v1_bringup/package.ps1'
[3.963s] INFO:colcon.colcon_core.shell:Creating package descriptor '/home/gary/bot_one/ros2_ws/install/optimus_v1_bringup/share/optimus_v1_bringup/package.dsv'
[3.965s] INFO:colcon.colcon_core.shell:Creating package script '/home/gary/bot_one/ros2_ws/install/optimus_v1_bringup/share/optimus_v1_bringup/package.sh'
[3.966s] INFO:colcon.colcon_core.shell:Creating package script '/home/gary/bot_one/ros2_ws/install/optimus_v1_bringup/share/optimus_v1_bringup/package.bash'
[3.968s] INFO:colcon.colcon_core.shell:Creating package script '/home/gary/bot_one/ros2_ws/install/optimus_v1_bringup/share/optimus_v1_bringup/package.zsh'
[3.969s] Level 1:colcon.colcon_core.environment:create_file_with_runtime_dependencies(/home/gary/bot_one/ros2_ws/install/optimus_v1_bringup/share/colcon-core/packages/optimus_v1_bringup)
[3.976s] Level 1:colcon.colcon_core.environment:create_environment_scripts_only(optimus_v1_description)
[3.977s] DEBUG:colcon.colcon_core.event_handler.log_command:Invoked command in '/home/gary/bot_one/ros2_ws/build/optimus_v1_description' returned '0': CMAKE_PREFIX_PATH=${CMAKE_PREFIX_PATH}:/home/gary/first_ws/install/turtlesim_catch_them_all:/home/gary/first_ws/install/my_py_pkg:/opt/ros/humble /usr/bin/cmake --install /home/gary/bot_one/ros2_ws/build/optimus_v1_description
[4.015s] Level 1:colcon.colcon_core.environment:checking '/home/gary/bot_one/ros2_ws/install/optimus_v1_description' for CMake module files
[4.017s] Level 1:colcon.colcon_core.environment:checking '/home/gary/bot_one/ros2_ws/install/optimus_v1_description' for CMake config files
[4.017s] Level 1:colcon.colcon_core.shell:create_environment_hook('optimus_v1_description', 'cmake_prefix_path')
[4.049s] INFO:colcon.colcon_core.shell:Creating environment hook '/home/gary/bot_one/ros2_ws/install/optimus_v1_description/share/optimus_v1_description/hook/cmake_prefix_path.ps1'
[4.049s] INFO:colcon.colcon_core.shell:Creating environment descriptor '/home/gary/bot_one/ros2_ws/install/optimus_v1_description/share/optimus_v1_description/hook/cmake_prefix_path.dsv'
[4.050s] INFO:colcon.colcon_core.shell:Creating environment hook '/home/gary/bot_one/ros2_ws/install/optimus_v1_description/share/optimus_v1_description/hook/cmake_prefix_path.sh'
[4.051s] Level 1:colcon.colcon_core.environment:checking '/home/gary/bot_one/ros2_ws/install/optimus_v1_description/bin'
[4.051s] Level 1:colcon.colcon_core.environment:checking '/home/gary/bot_one/ros2_ws/install/optimus_v1_description/lib/pkgconfig/optimus_v1_description.pc'
[4.052s] Level 1:colcon.colcon_core.environment:checking '/home/gary/bot_one/ros2_ws/install/optimus_v1_description/lib/python3.10/site-packages'
[4.053s] Level 1:colcon.colcon_core.environment:checking '/home/gary/bot_one/ros2_ws/install/optimus_v1_description/bin'
[4.090s] INFO:colcon.colcon_core.shell:Creating package script '/home/gary/bot_one/ros2_ws/install/optimus_v1_description/share/optimus_v1_description/package.ps1'
[4.091s] INFO:colcon.colcon_core.shell:Creating package descriptor '/home/gary/bot_one/ros2_ws/install/optimus_v1_description/share/optimus_v1_description/package.dsv'
[4.092s] INFO:colcon.colcon_core.shell:Creating package script '/home/gary/bot_one/ros2_ws/install/optimus_v1_description/share/optimus_v1_description/package.sh'
[4.093s] INFO:colcon.colcon_core.shell:Creating package script '/home/gary/bot_one/ros2_ws/install/optimus_v1_description/share/optimus_v1_description/package.bash'
[4.094s] INFO:colcon.colcon_core.shell:Creating package script '/home/gary/bot_one/ros2_ws/install/optimus_v1_description/share/optimus_v1_description/package.zsh'
[4.096s] Level 1:colcon.colcon_core.environment:create_file_with_runtime_dependencies(/home/gary/bot_one/ros2_ws/install/optimus_v1_description/share/colcon-core/packages/optimus_v1_description)
[4.136s] Level 1:colcon.colcon_core.environment:create_environment_scripts_only(optimus_v1_bringup)
[4.173s] Level 1:colcon.colcon_core.environment:checking '/home/gary/bot_one/ros2_ws/install/optimus_v1_bringup' for CMake module files
[4.175s] Level 1:colcon.colcon_core.environment:checking '/home/gary/bot_one/ros2_ws/install/optimus_v1_bringup' for CMake config files
[4.176s] Level 1:colcon.colcon_core.shell:create_environment_hook('optimus_v1_bringup', 'cmake_prefix_path')
[4.206s] INFO:colcon.colcon_core.shell:Creating environment hook '/home/gary/bot_one/ros2_ws/install/optimus_v1_bringup/share/optimus_v1_bringup/hook/cmake_prefix_path.ps1'
[4.207s] INFO:colcon.colcon_core.shell:Creating environment descriptor '/home/gary/bot_one/ros2_ws/install/optimus_v1_bringup/share/optimus_v1_bringup/hook/cmake_prefix_path.dsv'
[4.208s] INFO:colcon.colcon_core.shell:Creating environment hook '/home/gary/bot_one/ros2_ws/install/optimus_v1_bringup/share/optimus_v1_bringup/hook/cmake_prefix_path.sh'
[4.209s] Level 1:colcon.colcon_core.environment:checking '/home/gary/bot_one/ros2_ws/install/optimus_v1_bringup/bin'
[4.209s] Level 1:colcon.colcon_core.environment:checking '/home/gary/bot_one/ros2_ws/install/optimus_v1_bringup/lib/pkgconfig/optimus_v1_bringup.pc'
[4.210s] Level 1:colcon.colcon_core.environment:checking '/home/gary/bot_one/ros2_ws/install/optimus_v1_bringup/lib/python3.10/site-packages'
[4.210s] Level 1:colcon.colcon_core.environment:checking '/home/gary/bot_one/ros2_ws/install/optimus_v1_bringup/bin'
[4.248s] INFO:colcon.colcon_core.shell:Creating package script '/home/gary/bot_one/ros2_ws/install/optimus_v1_bringup/share/optimus_v1_bringup/package.ps1'
[4.249s] INFO:colcon.colcon_core.shell:Creating package descriptor '/home/gary/bot_one/ros2_ws/install/optimus_v1_bringup/share/optimus_v1_bringup/package.dsv'
[4.250s] INFO:colcon.colcon_core.shell:Creating package script '/home/gary/bot_one/ros2_ws/install/optimus_v1_bringup/share/optimus_v1_bringup/package.sh'
[4.251s] INFO:colcon.colcon_core.shell:Creating package script '/home/gary/bot_one/ros2_ws/install/optimus_v1_bringup/share/optimus_v1_bringup/package.bash'
[4.252s] INFO:colcon.colcon_core.shell:Creating package script '/home/gary/bot_one/ros2_ws/install/optimus_v1_bringup/share/optimus_v1_bringup/package.zsh'
[4.253s] Level 1:colcon.colcon_core.environment:create_file_with_runtime_dependencies(/home/gary/bot_one/ros2_ws/install/optimus_v1_bringup/share/colcon-core/packages/optimus_v1_bringup)
[4.292s] Level 1:colcon.colcon_core.environment:create_environment_scripts_only(optimus_v1_description)
[4.327s] Level 1:colcon.colcon_core.environment:checking '/home/gary/bot_one/ros2_ws/install/optimus_v1_description' for CMake module files
[4.328s] Level 1:colcon.colcon_core.environment:checking '/home/gary/bot_one/ros2_ws/install/optimus_v1_description' for CMake config files
[4.329s] Level 1:colcon.colcon_core.shell:create_environment_hook('optimus_v1_description', 'cmake_prefix_path')
[4.362s] INFO:colcon.colcon_core.shell:Creating environment hook '/home/gary/bot_one/ros2_ws/install/optimus_v1_description/share/optimus_v1_description/hook/cmake_prefix_path.ps1'
[4.362s] INFO:colcon.colcon_core.shell:Creating environment descriptor '/home/gary/bot_one/ros2_ws/install/optimus_v1_description/share/optimus_v1_description/hook/cmake_prefix_path.dsv'
[4.363s] INFO:colcon.colcon_core.shell:Creating environment hook '/home/gary/bot_one/ros2_ws/install/optimus_v1_description/share/optimus_v1_description/hook/cmake_prefix_path.sh'
[4.365s] Level 1:colcon.colcon_core.environment:checking '/home/gary/bot_one/ros2_ws/install/optimus_v1_description/bin'
[4.365s] Level 1:colcon.colcon_core.environment:checking '/home/gary/bot_one/ros2_ws/install/optimus_v1_description/lib/pkgconfig/optimus_v1_description.pc'
[4.366s] Level 1:colcon.colcon_core.environment:checking '/home/gary/bot_one/ros2_ws/install/optimus_v1_description/lib/python3.10/site-packages'
[4.367s] Level 1:colcon.colcon_core.environment:checking '/home/gary/bot_one/ros2_ws/install/optimus_v1_description/bin'
[4.402s] INFO:colcon.colcon_core.shell:Creating package script '/home/gary/bot_one/ros2_ws/install/optimus_v1_description/share/optimus_v1_description/package.ps1'
[4.402s] INFO:colcon.colcon_core.shell:Creating package descriptor '/home/gary/bot_one/ros2_ws/install/optimus_v1_description/share/optimus_v1_description/package.dsv'
[4.403s] INFO:colcon.colcon_core.shell:Creating package script '/home/gary/bot_one/ros2_ws/install/optimus_v1_description/share/optimus_v1_description/package.sh'
[4.407s] INFO:colcon.colcon_core.shell:Creating package script '/home/gary/bot_one/ros2_ws/install/optimus_v1_description/share/optimus_v1_description/package.bash'
[4.409s] INFO:colcon.colcon_core.shell:Creating package script '/home/gary/bot_one/ros2_ws/install/optimus_v1_description/share/optimus_v1_description/package.zsh'
[4.409s] Level 1:colcon.colcon_core.environment:create_file_with_runtime_dependencies(/home/gary/bot_one/ros2_ws/install/optimus_v1_description/share/colcon-core/packages/optimus_v1_description)
[4.410s] DEBUG:colcon.colcon_parallel_executor.executor.parallel:closing loop
[4.411s] DEBUG:colcon.colcon_parallel_executor.executor.parallel:loop closed
[4.411s] DEBUG:colcon.colcon_parallel_executor.executor.parallel:run_until_complete finished with '0'
[4.412s] DEBUG:colcon.colcon_core.event_reactor:joining thread
[4.541s] INFO:colcon.colcon_core.plugin_system:Skipping extension 'colcon_notification.desktop_notification.notify_send': Could not find 'notify-send'
[4.542s] INFO:colcon.colcon_core.plugin_system:Skipping extension 'colcon_notification.desktop_notification.terminal_notifier': Not used on non-Darwin systems
[4.542s] INFO:colcon.colcon_core.plugin_system:Skipping extension 'colcon_notification.desktop_notification.win32': Not used on non-Windows systems
[4.542s] INFO:colcon.colcon_notification.desktop_notification:Sending desktop notification using 'notify2'
[4.542s] DEBUG:colcon.colcon_notification.desktop_notification.notify2:Failed to initialize notify2: org.freedesktop.DBus.Error.FileNotFound: Failed to connect to socket /run/user/1000/bus: No such file or directory
[4.543s] DEBUG:colcon.colcon_core.event_reactor:joined thread
[4.575s] INFO:colcon.colcon_core.shell:Creating prefix script '/home/gary/bot_one/ros2_ws/install/local_setup.ps1'
[4.577s] INFO:colcon.colcon_core.shell:Creating prefix util module '/home/gary/bot_one/ros2_ws/install/_local_setup_util_ps1.py'
[4.581s] INFO:colcon.colcon_core.shell:Creating prefix chain script '/home/gary/bot_one/ros2_ws/install/setup.ps1'
[4.611s] INFO:colcon.colcon_core.shell:Creating prefix script '/home/gary/bot_one/ros2_ws/install/local_setup.sh'
[4.612s] INFO:colcon.colcon_core.shell:Creating prefix util module '/home/gary/bot_one/ros2_ws/install/_local_setup_util_sh.py'
[4.613s] INFO:colcon.colcon_core.shell:Creating prefix chain script '/home/gary/bot_one/ros2_ws/install/setup.sh'
[4.650s] INFO:colcon.colcon_core.shell:Creating prefix script '/home/gary/bot_one/ros2_ws/install/local_setup.bash'
[4.651s] INFO:colcon.colcon_core.shell:Creating prefix chain script '/home/gary/bot_one/ros2_ws/install/setup.bash'
[4.684s] INFO:colcon.colcon_core.shell:Creating prefix script '/home/gary/bot_one/ros2_ws/install/local_setup.zsh'
[4.685s] INFO:colcon.colcon_core.shell:Creating prefix chain script '/home/gary/bot_one/ros2_ws/install/setup.zsh'
