[0.284s] Invoking command in '/home/gary/bot_one/ros2_ws/build/optimus_v1_bringup': CMAKE_PREFIX_PATH=/home/gary/bot_one/ros2_ws/install/optimus_v1_description:/home/gary/bot_one/ros2_ws/install/optimus_v1_bringup:/home/gary/first_ws/install/my_robot_bringup:/home/gary/first_ws/install/my_robot_interfaces:/home/gary/first_ws/install/turtlesim_catch_them_all:/home/gary/first_ws/install/my_py_pkg:/opt/ros/humble /usr/bin/cmake --build /home/gary/bot_one/ros2_ws/build/optimus_v1_bringup -- -j8 -l8
[0.345s] Invoked command in '/home/gary/bot_one/ros2_ws/build/optimus_v1_bringup' returned '0': CMAKE_PREFIX_PATH=/home/gary/bot_one/ros2_ws/install/optimus_v1_description:/home/gary/bot_one/ros2_ws/install/optimus_v1_bringup:/home/gary/first_ws/install/my_robot_bringup:/home/gary/first_ws/install/my_robot_interfaces:/home/gary/first_ws/install/turtlesim_catch_them_all:/home/gary/first_ws/install/my_py_pkg:/opt/ros/humble /usr/bin/cmake --build /home/gary/bot_one/ros2_ws/build/optimus_v1_bringup -- -j8 -l8
[0.388s] Invoking command in '/home/gary/bot_one/ros2_ws/build/optimus_v1_bringup': CMAKE_PREFIX_PATH=/home/gary/bot_one/ros2_ws/install/optimus_v1_description:/home/gary/bot_one/ros2_ws/install/optimus_v1_bringup:/home/gary/first_ws/install/my_robot_bringup:/home/gary/first_ws/install/my_robot_interfaces:/home/gary/first_ws/install/turtlesim_catch_them_all:/home/gary/first_ws/install/my_py_pkg:/opt/ros/humble /usr/bin/cmake --install /home/gary/bot_one/ros2_ws/build/optimus_v1_bringup
[0.400s] -- Install configuration: ""
[0.401s] -- Execute custom install script
[0.402s] -- Up-to-date symlink: /home/gary/bot_one/ros2_ws/install/optimus_v1_bringup/share/optimus_v1_bringup/launch/optimus_v1.launch.xml
[0.402s] -- Up-to-date symlink: /home/gary/bot_one/ros2_ws/install/optimus_v1_bringup/share/optimus_v1_bringup/rviz/optimus_v1.rviz
[0.403s] -- Up-to-date symlink: /home/gary/bot_one/ros2_ws/install/optimus_v1_bringup/share/optimus_v1_bringup/worlds/my_world.world
[0.404s] -- Up-to-date symlink: /home/gary/bot_one/ros2_ws/install/optimus_v1_bringup/share/ament_index/resource_index/package_run_dependencies/optimus_v1_bringup
[0.404s] -- Up-to-date symlink: /home/gary/bot_one/ros2_ws/install/optimus_v1_bringup/share/ament_index/resource_index/parent_prefix_path/optimus_v1_bringup
[0.405s] -- Up-to-date symlink: /home/gary/bot_one/ros2_ws/install/optimus_v1_bringup/share/optimus_v1_bringup/environment/ament_prefix_path.sh
[0.408s] -- Up-to-date symlink: /home/gary/bot_one/ros2_ws/install/optimus_v1_bringup/share/optimus_v1_bringup/environment/ament_prefix_path.dsv
[0.409s] -- Up-to-date symlink: /home/gary/bot_one/ros2_ws/install/optimus_v1_bringup/share/optimus_v1_bringup/environment/path.sh
[0.409s] -- Up-to-date symlink: /home/gary/bot_one/ros2_ws/install/optimus_v1_bringup/share/optimus_v1_bringup/environment/path.dsv
[0.409s] -- Up-to-date symlink: /home/gary/bot_one/ros2_ws/install/optimus_v1_bringup/share/optimus_v1_bringup/local_setup.bash
[0.409s] -- Up-to-date symlink: /home/gary/bot_one/ros2_ws/install/optimus_v1_bringup/share/optimus_v1_bringup/local_setup.sh
[0.410s] -- Up-to-date symlink: /home/gary/bot_one/ros2_ws/install/optimus_v1_bringup/share/optimus_v1_bringup/local_setup.zsh
[0.410s] -- Up-to-date symlink: /home/gary/bot_one/ros2_ws/install/optimus_v1_bringup/share/optimus_v1_bringup/local_setup.dsv
[0.410s] -- Symlinking: /home/gary/bot_one/ros2_ws/install/optimus_v1_bringup/share/optimus_v1_bringup/package.dsv
[0.423s] -- Up-to-date symlink: /home/gary/bot_one/ros2_ws/install/optimus_v1_bringup/share/ament_index/resource_index/packages/optimus_v1_bringup
[0.423s] -- Up-to-date symlink: /home/gary/bot_one/ros2_ws/install/optimus_v1_bringup/share/optimus_v1_bringup/cmake/optimus_v1_bringupConfig.cmake
[0.424s] -- Up-to-date symlink: /home/gary/bot_one/ros2_ws/install/optimus_v1_bringup/share/optimus_v1_bringup/cmake/optimus_v1_bringupConfig-version.cmake
[0.424s] -- Up-to-date symlink: /home/gary/bot_one/ros2_ws/install/optimus_v1_bringup/share/optimus_v1_bringup/package.xml
[0.428s] Invoked command in '/home/gary/bot_one/ros2_ws/build/optimus_v1_bringup' returned '0': CMAKE_PREFIX_PATH=/home/gary/bot_one/ros2_ws/install/optimus_v1_description:/home/gary/bot_one/ros2_ws/install/optimus_v1_bringup:/home/gary/first_ws/install/my_robot_bringup:/home/gary/first_ws/install/my_robot_interfaces:/home/gary/first_ws/install/turtlesim_catch_them_all:/home/gary/first_ws/install/my_py_pkg:/opt/ros/humble /usr/bin/cmake --install /home/gary/bot_one/ros2_ws/build/optimus_v1_bringup
