[0.241s] Invoking command in '/home/gary/bot_one/ros2_ws/build/optimus_v1_bringup': CMAKE_PREFIX_PATH=${CMAKE_PREFIX_PATH}:/home/gary/first_ws/install/turtlesim_catch_them_all:/home/gary/first_ws/install/my_py_pkg:/opt/ros/humble /usr/bin/cmake --build /home/gary/bot_one/ros2_ws/build/optimus_v1_bringup -- -j8 -l8
[0.268s] -- Found ament_cmake: 1.3.8 (/opt/ros/humble/share/ament_cmake/cmake)
[0.437s] -- Override CMake install command with custom implementation using symlinks instead of copying resources
[0.534s] -- Configuring done
[0.537s] -- Generating done
[0.540s] -- Build files have been written to: /home/gary/bot_one/ros2_ws/build/optimus_v1_bringup
[0.561s] Invoked command in '/home/gary/bot_one/ros2_ws/build/optimus_v1_bringup' returned '0': CMAKE_PREFIX_PATH=${CMAKE_PREFIX_PATH}:/home/gary/first_ws/install/turtlesim_catch_them_all:/home/gary/first_ws/install/my_py_pkg:/opt/ros/humble /usr/bin/cmake --build /home/gary/bot_one/ros2_ws/build/optimus_v1_bringup -- -j8 -l8
[0.593s] Invoking command in '/home/gary/bot_one/ros2_ws/build/optimus_v1_bringup': CMAKE_PREFIX_PATH=${CMAKE_PREFIX_PATH}:/home/gary/first_ws/install/turtlesim_catch_them_all:/home/gary/first_ws/install/my_py_pkg:/opt/ros/humble /usr/bin/cmake --install /home/gary/bot_one/ros2_ws/build/optimus_v1_bringup
[0.600s] -- Install configuration: ""
[0.600s] -- Execute custom install script
[0.601s] -- Up-to-date symlink: /home/gary/bot_one/ros2_ws/install/optimus_v1_bringup/share/optimus_v1_bringup/launch/optimus_v1.launch.xml
[0.601s] -- Symlinking: /home/gary/bot_one/ros2_ws/install/optimus_v1_bringup/share/optimus_v1_bringup/rviz/optimus_v1.rviz
[0.613s] -- Up-to-date symlink: /home/gary/bot_one/ros2_ws/install/optimus_v1_bringup/share/ament_index/resource_index/package_run_dependencies/optimus_v1_bringup
[0.614s] -- Up-to-date symlink: /home/gary/bot_one/ros2_ws/install/optimus_v1_bringup/share/ament_index/resource_index/parent_prefix_path/optimus_v1_bringup
[0.614s] -- Up-to-date symlink: /home/gary/bot_one/ros2_ws/install/optimus_v1_bringup/share/optimus_v1_bringup/environment/ament_prefix_path.sh
[0.615s] -- Up-to-date symlink: /home/gary/bot_one/ros2_ws/install/optimus_v1_bringup/share/optimus_v1_bringup/environment/ament_prefix_path.dsv
[0.615s] -- Up-to-date symlink: /home/gary/bot_one/ros2_ws/install/optimus_v1_bringup/share/optimus_v1_bringup/environment/path.sh
[0.615s] -- Up-to-date symlink: /home/gary/bot_one/ros2_ws/install/optimus_v1_bringup/share/optimus_v1_bringup/environment/path.dsv
[0.615s] -- Up-to-date symlink: /home/gary/bot_one/ros2_ws/install/optimus_v1_bringup/share/optimus_v1_bringup/local_setup.bash
[0.616s] -- Up-to-date symlink: /home/gary/bot_one/ros2_ws/install/optimus_v1_bringup/share/optimus_v1_bringup/local_setup.sh
[0.616s] -- Up-to-date symlink: /home/gary/bot_one/ros2_ws/install/optimus_v1_bringup/share/optimus_v1_bringup/local_setup.zsh
[0.616s] -- Up-to-date symlink: /home/gary/bot_one/ros2_ws/install/optimus_v1_bringup/share/optimus_v1_bringup/local_setup.dsv
[0.616s] -- Symlinking: /home/gary/bot_one/ros2_ws/install/optimus_v1_bringup/share/optimus_v1_bringup/package.dsv
[0.626s] -- Up-to-date symlink: /home/gary/bot_one/ros2_ws/install/optimus_v1_bringup/share/ament_index/resource_index/packages/optimus_v1_bringup
[0.626s] -- Up-to-date symlink: /home/gary/bot_one/ros2_ws/install/optimus_v1_bringup/share/optimus_v1_bringup/cmake/optimus_v1_bringupConfig.cmake
[0.627s] -- Up-to-date symlink: /home/gary/bot_one/ros2_ws/install/optimus_v1_bringup/share/optimus_v1_bringup/cmake/optimus_v1_bringupConfig-version.cmake
[0.627s] -- Up-to-date symlink: /home/gary/bot_one/ros2_ws/install/optimus_v1_bringup/share/optimus_v1_bringup/package.xml
[0.629s] Invoked command in '/home/gary/bot_one/ros2_ws/build/optimus_v1_bringup' returned '0': CMAKE_PREFIX_PATH=${CMAKE_PREFIX_PATH}:/home/gary/first_ws/install/turtlesim_catch_them_all:/home/gary/first_ws/install/my_py_pkg:/opt/ros/humble /usr/bin/cmake --install /home/gary/bot_one/ros2_ws/build/optimus_v1_bringup
