[1.572s] DEBUG:colcon:Command line arguments: ['/usr/bin/colcon', 'build']
[1.572s] DEBUG:colcon:Parsed command line arguments: Namespace(log_base=None, log_level=None, verb_name='build', build_base='build', install_base='install', merge_install=False, symlink_install=False, test_result_base=None, continue_on_error=False, executor='parallel', parallel_workers=8, event_handlers=None, ignore_user_meta=False, metas=['./colcon.meta'], base_paths=['.'], packages_ignore=None, packages_ignore_regex=None, paths=None, packages_up_to=None, packages_up_to_regex=None, packages_above=None, packages_above_and_dependencies=None, packages_above_depth=None, packages_select_by_dep=None, packages_skip_by_dep=None, packages_skip_up_to=None, packages_select_build_failed=False, packages_skip_build_finished=False, packages_select_test_failures=False, packages_skip_test_passed=False, packages_select=None, packages_skip=None, packages_select_regex=None, packages_skip_regex=None, packages_start=None, packages_end=None, allow_overriding=[], cmake_args=None, cmake_target=None, cmake_target_skip_unavailable=False, cmake_clean_cache=False, cmake_clean_first=False, cmake_force_configure=False, ament_cmake_args=None, catkin_cmake_args=None, catkin_skip_building_tests=False, verb_parser=<colcon_defaults.argument_parser.defaults.DefaultArgumentsDecorator object at 0x7f26fe293820>, verb_extension=<colcon_core.verb.build.BuildVerb object at 0x7f26fe210eb0>, main=<bound method BuildVerb.main of <colcon_core.verb.build.BuildVerb object at 0x7f26fe210eb0>>)
[1.636s] Level 1:colcon.colcon_core.package_discovery:discover_packages(colcon_meta) check parameters
[1.636s] Level 1:colcon.colcon_core.package_discovery:discover_packages(recursive) check parameters
[1.636s] Level 1:colcon.colcon_core.package_discovery:discover_packages(ignore) check parameters
[1.636s] Level 1:colcon.colcon_core.package_discovery:discover_packages(path) check parameters
[1.636s] Level 1:colcon.colcon_core.package_discovery:discover_packages(colcon_meta) discover
[1.636s] Level 1:colcon.colcon_core.package_discovery:discover_packages(recursive) discover
[1.636s] INFO:colcon.colcon_core.package_discovery:Crawling recursively for packages in '/home/gary/bot_one/ros2_ws'
[1.636s] Level 1:colcon.colcon_core.package_identification:_identify(.) by extensions ['ignore', 'ignore_ament_install']
[1.637s] Level 1:colcon.colcon_core.package_identification:_identify(.) by extension 'ignore'
[1.637s] Level 1:colcon.colcon_core.package_identification:_identify(.) by extension 'ignore_ament_install'
[1.637s] Level 1:colcon.colcon_core.package_identification:_identify(.) by extensions ['colcon_pkg']
[1.637s] Level 1:colcon.colcon_core.package_identification:_identify(.) by extension 'colcon_pkg'
[1.637s] Level 1:colcon.colcon_core.package_identification:_identify(.) by extensions ['colcon_meta']
[1.637s] Level 1:colcon.colcon_core.package_identification:_identify(.) by extension 'colcon_meta'
[1.637s] Level 1:colcon.colcon_core.package_identification:_identify(.) by extensions ['ros']
[1.637s] Level 1:colcon.colcon_core.package_identification:_identify(.) by extension 'ros'
[1.661s] Level 1:colcon.colcon_core.package_identification:_identify(.) by extensions ['cmake', 'python']
[1.661s] Level 1:colcon.colcon_core.package_identification:_identify(.) by extension 'cmake'
[1.661s] Level 1:colcon.colcon_core.package_identification:_identify(.) by extension 'python'
[1.661s] Level 1:colcon.colcon_core.package_identification:_identify(.) by extensions ['python_setup_py']
[1.661s] Level 1:colcon.colcon_core.package_identification:_identify(.) by extension 'python_setup_py'
[1.662s] Level 1:colcon.colcon_core.package_identification:_identify(build) by extensions ['ignore', 'ignore_ament_install']
[1.662s] Level 1:colcon.colcon_core.package_identification:_identify(build) by extension 'ignore'
[1.662s] Level 1:colcon.colcon_core.package_identification:_identify(build) ignored
[1.662s] Level 1:colcon.colcon_core.package_identification:_identify(install) by extensions ['ignore', 'ignore_ament_install']
[1.663s] Level 1:colcon.colcon_core.package_identification:_identify(install) by extension 'ignore'
[1.663s] Level 1:colcon.colcon_core.package_identification:_identify(install) ignored
[1.663s] Level 1:colcon.colcon_core.package_identification:_identify(log) by extensions ['ignore', 'ignore_ament_install']
[1.663s] Level 1:colcon.colcon_core.package_identification:_identify(log) by extension 'ignore'
[1.663s] Level 1:colcon.colcon_core.package_identification:_identify(log) ignored
[1.663s] Level 1:colcon.colcon_core.package_identification:_identify(src) by extensions ['ignore', 'ignore_ament_install']
[1.664s] Level 1:colcon.colcon_core.package_identification:_identify(src) by extension 'ignore'
[1.664s] Level 1:colcon.colcon_core.package_identification:_identify(src) by extension 'ignore_ament_install'
[1.664s] Level 1:colcon.colcon_core.package_identification:_identify(src) by extensions ['colcon_pkg']
[1.664s] Level 1:colcon.colcon_core.package_identification:_identify(src) by extension 'colcon_pkg'
[1.664s] Level 1:colcon.colcon_core.package_identification:_identify(src) by extensions ['colcon_meta']
[1.664s] Level 1:colcon.colcon_core.package_identification:_identify(src) by extension 'colcon_meta'
[1.664s] Level 1:colcon.colcon_core.package_identification:_identify(src) by extensions ['ros']
[1.664s] Level 1:colcon.colcon_core.package_identification:_identify(src) by extension 'ros'
[1.664s] Level 1:colcon.colcon_core.package_identification:_identify(src) by extensions ['cmake', 'python']
[1.664s] Level 1:colcon.colcon_core.package_identification:_identify(src) by extension 'cmake'
[1.665s] Level 1:colcon.colcon_core.package_identification:_identify(src) by extension 'python'
[1.665s] Level 1:colcon.colcon_core.package_identification:_identify(src) by extensions ['python_setup_py']
[1.665s] Level 1:colcon.colcon_core.package_identification:_identify(src) by extension 'python_setup_py'
[1.665s] Level 1:colcon.colcon_core.package_identification:_identify(src/optimus_v1_description) by extensions ['ignore', 'ignore_ament_install']
[1.665s] Level 1:colcon.colcon_core.package_identification:_identify(src/optimus_v1_description) by extension 'ignore'
[1.665s] Level 1:colcon.colcon_core.package_identification:_identify(src/optimus_v1_description) by extension 'ignore_ament_install'
[1.665s] Level 1:colcon.colcon_core.package_identification:_identify(src/optimus_v1_description) by extensions ['colcon_pkg']
[1.665s] Level 1:colcon.colcon_core.package_identification:_identify(src/optimus_v1_description) by extension 'colcon_pkg'
[1.666s] Level 1:colcon.colcon_core.package_identification:_identify(src/optimus_v1_description) by extensions ['colcon_meta']
[1.666s] Level 1:colcon.colcon_core.package_identification:_identify(src/optimus_v1_description) by extension 'colcon_meta'
[1.666s] Level 1:colcon.colcon_core.package_identification:_identify(src/optimus_v1_description) by extensions ['ros']
[1.666s] Level 1:colcon.colcon_core.package_identification:_identify(src/optimus_v1_description) by extension 'ros'
[1.669s] DEBUG:colcon.colcon_core.package_identification:Package 'src/optimus_v1_description' with type 'ros.ament_cmake' and name 'optimus_v1_description'
[1.670s] Level 1:colcon.colcon_core.package_discovery:discover_packages(recursive) using defaults
[1.670s] Level 1:colcon.colcon_core.package_discovery:discover_packages(ignore) discover
[1.670s] Level 1:colcon.colcon_core.package_discovery:discover_packages(ignore) using defaults
[1.670s] Level 1:colcon.colcon_core.package_discovery:discover_packages(path) discover
[1.670s] Level 1:colcon.colcon_core.package_discovery:discover_packages(path) using defaults
[1.814s] Level 1:colcon.colcon_core.package_discovery:discover_packages(prefix_path) check parameters
[1.815s] Level 1:colcon.colcon_core.package_discovery:discover_packages(prefix_path) discover
[1.852s] DEBUG:colcon.colcon_installed_package_information.package_discovery:Found 1 installed packages in /home/gary/bot_one/ros2_ws/install
[1.876s] DEBUG:colcon.colcon_installed_package_information.package_discovery:Found 4 installed packages in /home/gary/first_ws/install
[1.901s] DEBUG:colcon.colcon_installed_package_information.package_discovery:Found 344 installed packages in /opt/ros/humble
[1.902s] Level 1:colcon.colcon_core.package_discovery:discover_packages(prefix_path) using defaults
[2.057s] Level 5:colcon.colcon_core.verb:set package 'optimus_v1_description' build argument 'cmake_args' from command line to 'None'
[2.057s] Level 5:colcon.colcon_core.verb:set package 'optimus_v1_description' build argument 'cmake_target' from command line to 'None'
[2.057s] Level 5:colcon.colcon_core.verb:set package 'optimus_v1_description' build argument 'cmake_target_skip_unavailable' from command line to 'False'
[2.057s] Level 5:colcon.colcon_core.verb:set package 'optimus_v1_description' build argument 'cmake_clean_cache' from command line to 'False'
[2.057s] Level 5:colcon.colcon_core.verb:set package 'optimus_v1_description' build argument 'cmake_clean_first' from command line to 'False'
[2.057s] Level 5:colcon.colcon_core.verb:set package 'optimus_v1_description' build argument 'cmake_force_configure' from command line to 'False'
[2.057s] Level 5:colcon.colcon_core.verb:set package 'optimus_v1_description' build argument 'ament_cmake_args' from command line to 'None'
[2.057s] Level 5:colcon.colcon_core.verb:set package 'optimus_v1_description' build argument 'catkin_cmake_args' from command line to 'None'
[2.057s] Level 5:colcon.colcon_core.verb:set package 'optimus_v1_description' build argument 'catkin_skip_building_tests' from command line to 'False'
[2.057s] DEBUG:colcon.colcon_core.verb:Building package 'optimus_v1_description' with the following arguments: {'ament_cmake_args': None, 'build_base': '/home/gary/bot_one/ros2_ws/build/optimus_v1_description', 'catkin_cmake_args': None, 'catkin_skip_building_tests': False, 'cmake_args': None, 'cmake_clean_cache': False, 'cmake_clean_first': False, 'cmake_force_configure': False, 'cmake_target': None, 'cmake_target_skip_unavailable': False, 'install_base': '/home/gary/bot_one/ros2_ws/install/optimus_v1_description', 'merge_install': False, 'path': '/home/gary/bot_one/ros2_ws/src/optimus_v1_description', 'symlink_install': False, 'test_result_base': None}
[2.079s] INFO:colcon.colcon_core.executor:Executing jobs using 'parallel' executor
[2.102s] DEBUG:colcon.colcon_parallel_executor.executor.parallel:run_until_complete
[2.103s] INFO:colcon.colcon_ros.task.ament_cmake.build:Building ROS package in '/home/gary/bot_one/ros2_ws/src/optimus_v1_description' with build type 'ament_cmake'
[2.103s] INFO:colcon.colcon_cmake.task.cmake.build:Building CMake package in '/home/gary/bot_one/ros2_ws/src/optimus_v1_description'
[2.129s] INFO:colcon.colcon_core.plugin_system:Skipping extension 'colcon_core.shell.bat': Not used on non-Windows systems
[2.129s] INFO:colcon.colcon_core.shell:Skip shell extension 'powershell' for command environment: Not usable outside of PowerShell
[2.129s] DEBUG:colcon.colcon_core.shell:Skip shell extension 'dsv' for command environment
[2.250s] DEBUG:colcon.colcon_core.event_handler.log_command:Invoking command in '/home/gary/bot_one/ros2_ws/build/optimus_v1_description': CMAKE_PREFIX_PATH=${CMAKE_PREFIX_PATH}:/home/gary/first_ws/install/turtlesim_catch_them_all:/home/gary/first_ws/install/my_py_pkg:/opt/ros/humble /usr/bin/cmake --build /home/gary/bot_one/ros2_ws/build/optimus_v1_description -- -j8 -l8
[2.291s] DEBUG:colcon.colcon_core.event_handler.log_command:Invoked command in '/home/gary/bot_one/ros2_ws/build/optimus_v1_description' returned '0': CMAKE_PREFIX_PATH=${CMAKE_PREFIX_PATH}:/home/gary/first_ws/install/turtlesim_catch_them_all:/home/gary/first_ws/install/my_py_pkg:/opt/ros/humble /usr/bin/cmake --build /home/gary/bot_one/ros2_ws/build/optimus_v1_description -- -j8 -l8
[2.331s] DEBUG:colcon.colcon_core.event_handler.log_command:Invoking command in '/home/gary/bot_one/ros2_ws/build/optimus_v1_description': CMAKE_PREFIX_PATH=${CMAKE_PREFIX_PATH}:/home/gary/first_ws/install/turtlesim_catch_them_all:/home/gary/first_ws/install/my_py_pkg:/opt/ros/humble /usr/bin/cmake --install /home/gary/bot_one/ros2_ws/build/optimus_v1_description
[2.345s] Level 1:colcon.colcon_core.environment:create_environment_scripts_only(optimus_v1_description)
[2.345s] DEBUG:colcon.colcon_core.event_handler.log_command:Invoked command in '/home/gary/bot_one/ros2_ws/build/optimus_v1_description' returned '0': CMAKE_PREFIX_PATH=${CMAKE_PREFIX_PATH}:/home/gary/first_ws/install/turtlesim_catch_them_all:/home/gary/first_ws/install/my_py_pkg:/opt/ros/humble /usr/bin/cmake --install /home/gary/bot_one/ros2_ws/build/optimus_v1_description
[2.367s] Level 1:colcon.colcon_core.environment:checking '/home/gary/bot_one/ros2_ws/install/optimus_v1_description' for CMake module files
[2.368s] Level 1:colcon.colcon_core.environment:checking '/home/gary/bot_one/ros2_ws/install/optimus_v1_description' for CMake config files
[2.369s] Level 1:colcon.colcon_core.shell:create_environment_hook('optimus_v1_description', 'cmake_prefix_path')
[2.402s] INFO:colcon.colcon_core.shell:Creating environment hook '/home/gary/bot_one/ros2_ws/install/optimus_v1_description/share/optimus_v1_description/hook/cmake_prefix_path.ps1'
[2.403s] INFO:colcon.colcon_core.shell:Creating environment descriptor '/home/gary/bot_one/ros2_ws/install/optimus_v1_description/share/optimus_v1_description/hook/cmake_prefix_path.dsv'
[2.404s] INFO:colcon.colcon_core.shell:Creating environment hook '/home/gary/bot_one/ros2_ws/install/optimus_v1_description/share/optimus_v1_description/hook/cmake_prefix_path.sh'
[2.405s] Level 1:colcon.colcon_core.environment:checking '/home/gary/bot_one/ros2_ws/install/optimus_v1_description/bin'
[2.405s] Level 1:colcon.colcon_core.environment:checking '/home/gary/bot_one/ros2_ws/install/optimus_v1_description/lib/pkgconfig/optimus_v1_description.pc'
[2.406s] Level 1:colcon.colcon_core.environment:checking '/home/gary/bot_one/ros2_ws/install/optimus_v1_description/lib/python3.10/site-packages'
[2.406s] Level 1:colcon.colcon_core.environment:checking '/home/gary/bot_one/ros2_ws/install/optimus_v1_description/bin'
[2.432s] INFO:colcon.colcon_core.shell:Creating package script '/home/gary/bot_one/ros2_ws/install/optimus_v1_description/share/optimus_v1_description/package.ps1'
[2.433s] INFO:colcon.colcon_core.shell:Creating package descriptor '/home/gary/bot_one/ros2_ws/install/optimus_v1_description/share/optimus_v1_description/package.dsv'
[2.434s] INFO:colcon.colcon_core.shell:Creating package script '/home/gary/bot_one/ros2_ws/install/optimus_v1_description/share/optimus_v1_description/package.sh'
[2.435s] INFO:colcon.colcon_core.shell:Creating package script '/home/gary/bot_one/ros2_ws/install/optimus_v1_description/share/optimus_v1_description/package.bash'
[2.436s] INFO:colcon.colcon_core.shell:Creating package script '/home/gary/bot_one/ros2_ws/install/optimus_v1_description/share/optimus_v1_description/package.zsh'
[2.437s] Level 1:colcon.colcon_core.environment:create_file_with_runtime_dependencies(/home/gary/bot_one/ros2_ws/install/optimus_v1_description/share/colcon-core/packages/optimus_v1_description)
[2.492s] Level 1:colcon.colcon_core.environment:create_environment_scripts_only(optimus_v1_description)
[2.521s] Level 1:colcon.colcon_core.environment:checking '/home/gary/bot_one/ros2_ws/install/optimus_v1_description' for CMake module files
[2.522s] Level 1:colcon.colcon_core.environment:checking '/home/gary/bot_one/ros2_ws/install/optimus_v1_description' for CMake config files
[2.524s] Level 1:colcon.colcon_core.shell:create_environment_hook('optimus_v1_description', 'cmake_prefix_path')
[2.544s] INFO:colcon.colcon_core.shell:Creating environment hook '/home/gary/bot_one/ros2_ws/install/optimus_v1_description/share/optimus_v1_description/hook/cmake_prefix_path.ps1'
[2.544s] INFO:colcon.colcon_core.shell:Creating environment descriptor '/home/gary/bot_one/ros2_ws/install/optimus_v1_description/share/optimus_v1_description/hook/cmake_prefix_path.dsv'
[2.544s] INFO:colcon.colcon_core.shell:Creating environment hook '/home/gary/bot_one/ros2_ws/install/optimus_v1_description/share/optimus_v1_description/hook/cmake_prefix_path.sh'
[2.545s] Level 1:colcon.colcon_core.environment:checking '/home/gary/bot_one/ros2_ws/install/optimus_v1_description/bin'
[2.545s] Level 1:colcon.colcon_core.environment:checking '/home/gary/bot_one/ros2_ws/install/optimus_v1_description/lib/pkgconfig/optimus_v1_description.pc'
[2.546s] Level 1:colcon.colcon_core.environment:checking '/home/gary/bot_one/ros2_ws/install/optimus_v1_description/lib/python3.10/site-packages'
[2.546s] Level 1:colcon.colcon_core.environment:checking '/home/gary/bot_one/ros2_ws/install/optimus_v1_description/bin'
[2.568s] INFO:colcon.colcon_core.shell:Creating package script '/home/gary/bot_one/ros2_ws/install/optimus_v1_description/share/optimus_v1_description/package.ps1'
[2.569s] INFO:colcon.colcon_core.shell:Creating package descriptor '/home/gary/bot_one/ros2_ws/install/optimus_v1_description/share/optimus_v1_description/package.dsv'
[2.570s] INFO:colcon.colcon_core.shell:Creating package script '/home/gary/bot_one/ros2_ws/install/optimus_v1_description/share/optimus_v1_description/package.sh'
[2.571s] INFO:colcon.colcon_core.shell:Creating package script '/home/gary/bot_one/ros2_ws/install/optimus_v1_description/share/optimus_v1_description/package.bash'
[2.572s] INFO:colcon.colcon_core.shell:Creating package script '/home/gary/bot_one/ros2_ws/install/optimus_v1_description/share/optimus_v1_description/package.zsh'
[2.572s] Level 1:colcon.colcon_core.environment:create_file_with_runtime_dependencies(/home/gary/bot_one/ros2_ws/install/optimus_v1_description/share/colcon-core/packages/optimus_v1_description)
[2.573s] DEBUG:colcon.colcon_parallel_executor.executor.parallel:closing loop
[2.573s] DEBUG:colcon.colcon_parallel_executor.executor.parallel:loop closed
[2.574s] DEBUG:colcon.colcon_parallel_executor.executor.parallel:run_until_complete finished with '0'
[2.575s] DEBUG:colcon.colcon_core.event_reactor:joining thread
[2.674s] INFO:colcon.colcon_core.plugin_system:Skipping extension 'colcon_notification.desktop_notification.notify_send': Could not find 'notify-send'
[2.674s] INFO:colcon.colcon_core.plugin_system:Skipping extension 'colcon_notification.desktop_notification.terminal_notifier': Not used on non-Darwin systems
[2.675s] INFO:colcon.colcon_core.plugin_system:Skipping extension 'colcon_notification.desktop_notification.win32': Not used on non-Windows systems
[2.675s] INFO:colcon.colcon_notification.desktop_notification:Sending desktop notification using 'notify2'
[2.675s] DEBUG:colcon.colcon_notification.desktop_notification.notify2:Failed to initialize notify2: org.freedesktop.DBus.Error.FileNotFound: Failed to connect to socket /run/user/1000/bus: No such file or directory
[2.675s] DEBUG:colcon.colcon_core.event_reactor:joined thread
[2.693s] INFO:colcon.colcon_core.shell:Creating prefix script '/home/gary/bot_one/ros2_ws/install/local_setup.ps1'
[2.694s] INFO:colcon.colcon_core.shell:Creating prefix util module '/home/gary/bot_one/ros2_ws/install/_local_setup_util_ps1.py'
[2.696s] INFO:colcon.colcon_core.shell:Creating prefix chain script '/home/gary/bot_one/ros2_ws/install/setup.ps1'
[2.719s] INFO:colcon.colcon_core.shell:Creating prefix script '/home/gary/bot_one/ros2_ws/install/local_setup.sh'
[2.719s] INFO:colcon.colcon_core.shell:Creating prefix util module '/home/gary/bot_one/ros2_ws/install/_local_setup_util_sh.py'
[2.720s] INFO:colcon.colcon_core.shell:Creating prefix chain script '/home/gary/bot_one/ros2_ws/install/setup.sh'
[2.746s] INFO:colcon.colcon_core.shell:Creating prefix script '/home/gary/bot_one/ros2_ws/install/local_setup.bash'
[2.746s] INFO:colcon.colcon_core.shell:Creating prefix chain script '/home/gary/bot_one/ros2_ws/install/setup.bash'
[2.767s] INFO:colcon.colcon_core.shell:Creating prefix script '/home/gary/bot_one/ros2_ws/install/local_setup.zsh'
[2.768s] INFO:colcon.colcon_core.shell:Creating prefix chain script '/home/gary/bot_one/ros2_ws/install/setup.zsh'
